[2020-10-26 14:51:07] main.INFO: Broken reference: the 'skip_to_content.target' element cannot be added as child to 'main.content', because the latter doesn't exist [] []
[2020-10-26 14:51:07] main.INFO: Broken reference: the 'header.panel.wrapper' element cannot be added as child to 'header.container', because the latter doesn't exist [] []
[2020-10-26 14:51:07] main.INFO: Broken reference: the 'header-wrapper' element cannot be added as child to 'header.container', because the latter doesn't exist [] []
[2020-10-26 14:51:07] main.INFO: Broken reference: the 'navigation.sections' element cannot be added as child to 'page.top', because the latter doesn't exist [] []
[2020-10-26 14:51:07] main.INFO: Broken reference: the 'top.container' element cannot be added as child to 'page.top', because the latter doesn't exist [] []
[2020-10-26 14:51:07] main.INFO: Broken reference: the 'breadcrumbs' element cannot be added as child to 'page.top', because the latter doesn't exist [] []
[2020-10-26 14:51:07] main.INFO: Broken reference: the 'page.main.title' element cannot be added as child to 'columns.top', because the latter doesn't exist [] []
[2020-10-26 14:51:07] main.INFO: Broken reference: the 'page.messages' element cannot be added as child to 'columns.top', because the latter doesn't exist [] []
[2020-10-26 14:51:07] main.INFO: Broken reference: the 'content.top' element cannot be added as child to 'main', because the latter doesn't exist [] []
[2020-10-26 14:51:07] main.INFO: Broken reference: the 'content' element cannot be added as child to 'main', because the latter doesn't exist [] []
[2020-10-26 14:51:07] main.INFO: Broken reference: the 'content.aside' element cannot be added as child to 'main', because the latter doesn't exist [] []
[2020-10-26 14:51:07] main.INFO: Broken reference: the 'content.bottom' element cannot be added as child to 'main', because the latter doesn't exist [] []
[2020-10-26 14:51:07] main.INFO: Broken reference: the 'page.bottom' element cannot be added as child to 'page.bottom.container', because the latter doesn't exist [] []
[2020-10-26 14:51:07] main.INFO: Broken reference: the 'footer' element cannot be added as child to 'footer-container', because the latter doesn't exist [] []
[2020-10-26 14:51:07] main.INFO: Broken reference: the 'catalog.compare.sidebar' element cannot be added as child to 'sidebar.additional', because the latter doesn't exist [] []
[2020-10-26 14:51:07] main.INFO: Broken reference: the 'sale.reorder.sidebar' element cannot be added as child to 'sidebar.additional', because the latter doesn't exist [] []
[2020-10-26 14:51:07] main.INFO: Broken reference: the 'wishlist_sidebar' element cannot be added as child to 'sidebar.additional', because the latter doesn't exist [] []
[2020-10-26 14:51:07] main.INFO: Broken reference: the 'yotpo_bottomline' element cannot be added as child to 'product.info.main', because the latter doesn't exist [] []
[2020-10-26 14:51:07] main.INFO: Broken reference: the 'sidebar.main.account_nav' element cannot be added as child to 'sidebar.main', because the latter doesn't exist [] []
[2020-10-26 14:51:07] main.INFO: Broken reference: the 'seller_account_navigation' element cannot be added as child to 'sidebar.main', because the latter doesn't exist [] []
[2020-10-26 14:51:07] main.INFO: Broken reference: the 'seller.header' tries to reorder itself towards 'seller.notifications', but their parents are different: 'seller.page.wrapper' and 'seller.header' respectively. [] []
[2020-10-26 14:51:07] main.INFO: Broken reference: the 'seller.page.menu' tries to reorder itself towards 'header', but their parents are different: 'seller.page.wrapper' and 'top.links' respectively. [] []
[2020-10-26 14:51:07] main.INFO: Broken reference: the 'skip_to_content.target' tries to reorder itself towards '', but their parents are different: 'main.content' and '' respectively. [] []
[2020-10-26 14:51:07] main.INFO: Broken reference: the 'header.panel.wrapper' tries to reorder itself towards '', but their parents are different: 'header.container' and '' respectively. [] []
[2020-10-26 14:51:07] main.INFO: Broken reference: the 'navigation.sections' tries to reorder itself towards '', but their parents are different: 'page.top' and '' respectively. [] []
[2020-10-26 14:51:07] main.INFO: Broken reference: the 'yotpo_bottomline' tries to reorder itself towards 'product.info.addto', but their parents are different: 'product.info.main' and '' respectively. [] []
[2020-10-26 14:51:07] main.INFO: Broken reference: the 'sidebar.main.account_nav' tries to reorder itself towards '', but their parents are different: 'sidebar.main' and '' respectively. [] []
[2020-10-26 14:51:07] main.INFO: Broken reference: the 'seller_account_navigation' tries to reorder itself towards '', but their parents are different: 'sidebar.main' and '' respectively. [] []
[2020-10-26 14:51:09] main.ERROR: Braintree\Configuration::merchantId needs to be set (or accessToken needs to be passed to Braintree\Gateway). [] []
[2020-10-26 14:51:32] main.DEBUG: cache_invalidate:  {"method":"POST","url":"https://chectchin.com/marketplace/product/save/","invalidateInfo":{"tags":{"0":"cat_p_6","1":"cat_c_p_2","3":"cat_p"},"mode":"matchingAnyTag"}} []
[2020-10-26 14:51:32] main.DEBUG: cache_invalidate:  {"method":"POST","url":"https://chectchin.com/marketplace/product/save/","invalidateInfo":{"tags":["cat_p_6","FPC"],"mode":"matchingTag"}} []
[2020-10-26 14:51:32] main.DEBUG: cache_invalidate:  {"method":"POST","url":"https://chectchin.com/marketplace/product/save/","invalidateInfo":{"tags":["cat_c_p_2","FPC"],"mode":"matchingTag"}} []
[2020-10-26 14:51:32] main.DEBUG: cache_invalidate:  {"method":"POST","url":"https://chectchin.com/marketplace/product/save/","invalidateInfo":{"tags":["cat_p","FPC"],"mode":"matchingTag"}} []
[2020-10-26 14:51:32] main.DEBUG: cache_invalidate:  {"method":"POST","url":"https://chectchin.com/marketplace/product/save/","invalidateInfo":{"tags":["cat_p_6","FPC"],"mode":"matchingTag"}} []
[2020-10-26 14:51:32] main.DEBUG: cache_invalidate:  {"method":"POST","url":"https://chectchin.com/marketplace/product/save/","invalidateInfo":{"tags":["cat_p_6","FPC"],"mode":"matchingTag"}} []
[2020-10-26 14:51:32] main.DEBUG: cache_invalidate:  {"method":"POST","url":"https://chectchin.com/marketplace/product/save/","invalidateInfo":{"tags":["cat_p_6"],"mode":"matchingAnyTag"}} []
[2020-10-26 14:51:32] main.DEBUG: cache_invalidate:  {"method":"POST","url":"https://chectchin.com/marketplace/product/save/","invalidateInfo":{"tags":["cat_p_6","FPC"],"mode":"matchingTag"}} []
[2020-10-26 14:51:32] main.DEBUG: cache_invalidate:  {"method":"POST","url":"https://chectchin.com/marketplace/product/save/","invalidateInfo":{"tags":["cat_p_6","cat_p_6"],"mode":"matchingAnyTag"}} []
[2020-10-26 14:51:32] main.DEBUG: cache_invalidate:  {"method":"POST","url":"https://chectchin.com/marketplace/product/save/","invalidateInfo":{"tags":["cat_p_6","FPC"],"mode":"matchingTag"}} []
[2020-10-26 14:51:32] main.DEBUG: cache_invalidate:  {"method":"POST","url":"https://chectchin.com/marketplace/product/save/","invalidateInfo":{"tags":["cat_p_6","FPC"],"mode":"matchingTag"}} []
[2020-10-26 14:51:32] main.DEBUG: cache_invalidate:  {"method":"POST","url":"https://chectchin.com/marketplace/product/save/","invalidateInfo":{"tags":["cat_p_6","cat_p_6","cat_p_6"],"mode":"matchingAnyTag"}} []
[2020-10-26 14:51:32] main.DEBUG: cache_invalidate:  {"method":"POST","url":"https://chectchin.com/marketplace/product/save/","invalidateInfo":{"tags":["cat_p_6","FPC"],"mode":"matchingTag"}} []
[2020-10-26 14:51:32] main.DEBUG: cache_invalidate:  {"method":"POST","url":"https://chectchin.com/marketplace/product/save/","invalidateInfo":{"tags":["cat_p_6","cat_p_6","cat_p_6"],"mode":"matchingAnyTag"}} []
[2020-10-26 14:51:32] main.DEBUG: cache_invalidate:  {"method":"POST","url":"https://chectchin.com/marketplace/product/save/","invalidateInfo":{"tags":["cat_p_6","FPC"],"mode":"matchingTag"}} []
[2020-10-26 14:51:32] main.DEBUG: cache_invalidate:  {"method":"POST","url":"https://chectchin.com/marketplace/product/save/","invalidateInfo":{"tags":["cat_p_6","cat_p_6","cat_p_6","cat_p_6"],"mode":"matchingAnyTag"}} []
[2020-10-26 14:51:32] main.DEBUG: cache_invalidate:  {"method":"POST","url":"https://chectchin.com/marketplace/product/save/","invalidateInfo":{"tags":["cat_p_6","FPC"],"mode":"matchingTag"}} []
[2020-10-26 14:51:32] main.DEBUG: cache_invalidate:  {"method":"POST","url":"https://chectchin.com/marketplace/product/save/","invalidateInfo":{"tags":["cat_c_2","FPC"],"mode":"matchingTag"}} []
[2020-10-26 14:51:32] main.DEBUG: cache_invalidate:  {"method":"POST","url":"https://chectchin.com/marketplace/product/save/","invalidateInfo":{"tags":["cat_c_1","FPC"],"mode":"matchingTag"}} []
[2020-10-26 14:51:32] main.DEBUG: cache_invalidate:  {"method":"POST","url":"https://chectchin.com/marketplace/product/save/","invalidateInfo":{"tags":["cat_p_6","FPC"],"mode":"matchingTag"}} []
[2020-10-26 14:51:32] main.DEBUG: cache_invalidate:  {"method":"POST","url":"https://chectchin.com/marketplace/product/save/","invalidateInfo":{"tags":["cat_c_2","FPC"],"mode":"matchingTag"}} []
[2020-10-26 14:51:32] main.DEBUG: cache_invalidate:  {"method":"POST","url":"https://chectchin.com/marketplace/product/save/","invalidateInfo":{"tags":["cat_c_1","FPC"],"mode":"matchingTag"}} []
[2020-10-26 14:51:32] main.DEBUG: cache_invalidate:  {"method":"POST","url":"https://chectchin.com/marketplace/product/save/","invalidateInfo":{"tags":["cat_p_6","cat_p_6","cat_p_6","cat_p_6","cat_p_6","cat_c_2","cat_c_1"],"mode":"matchingAnyTag"}} []
[2020-10-26 14:51:32] main.DEBUG: cache_invalidate:  {"method":"POST","url":"https://chectchin.com/marketplace/product/save/","invalidateInfo":{"tags":["cat_p_6","FPC"],"mode":"matchingTag"}} []
[2020-10-26 14:51:32] main.DEBUG: cache_invalidate:  {"method":"POST","url":"https://chectchin.com/marketplace/product/save/","invalidateInfo":{"tags":["cat_c_p_2","FPC"],"mode":"matchingTag"}} []
[2020-10-26 14:51:32] main.DEBUG: cache_invalidate:  {"method":"POST","url":"https://chectchin.com/marketplace/product/save/","invalidateInfo":{"tags":["cat_p","FPC"],"mode":"matchingTag"}} []
[2020-10-26 14:51:32] main.CRITICAL: Missing required argument $engines of Magento\Search\Model\EngineResolver. {"exception":"[object] (BadMethodCallException(code: 0): Missing required argument $engines of Magento\\Search\\Model\\EngineResolver. at /var/www/magento2s/vendor/magento/framework/ObjectManager/Factory/AbstractFactory.php:264)"} []
[2020-10-26 14:51:32] main.DEBUG: cache_invalidate:  {"method":"POST","url":"https://chectchin.com/marketplace/product/save/","invalidateInfo":{"tags":{"0":"cat_p_6","1":"cat_c_p_2","3":"cat_p"},"mode":"matchingAnyTag"}} []
[2020-10-26 14:51:32] main.DEBUG: cache_invalidate:  {"method":"POST","url":"https://chectchin.com/marketplace/product/save/","invalidateInfo":{"tags":{"0":"cat_p_6","1":"cat_c_p_2","3":"cat_p"},"mode":"matchingAnyTag"}} []
[2020-10-26 14:51:32] main.DEBUG: cache_invalidate:  {"method":"POST","url":"https://chectchin.com/marketplace/product/save/","invalidateInfo":{"tags":["cat_p_6","FPC"],"mode":"matchingTag"}} []
[2020-10-26 14:51:32] main.DEBUG: cache_invalidate:  {"method":"POST","url":"https://chectchin.com/marketplace/product/save/","invalidateInfo":{"tags":["cat_c_2","FPC"],"mode":"matchingTag"}} []
[2020-10-26 14:51:32] main.DEBUG: cache_invalidate:  {"method":"POST","url":"https://chectchin.com/marketplace/product/save/","invalidateInfo":{"tags":["cat_c_1","FPC"],"mode":"matchingTag"}} []
[2020-10-26 14:51:32] main.DEBUG: cache_invalidate:  {"method":"POST","url":"https://chectchin.com/marketplace/product/save/","invalidateInfo":{"tags":["cat_p_6","FPC"],"mode":"matchingTag"}} []
[2020-10-26 14:51:32] main.DEBUG: cache_invalidate:  {"method":"POST","url":"https://chectchin.com/marketplace/product/save/","invalidateInfo":{"tags":["cat_c_2","FPC"],"mode":"matchingTag"}} []
[2020-10-26 14:51:32] main.DEBUG: cache_invalidate:  {"method":"POST","url":"https://chectchin.com/marketplace/product/save/","invalidateInfo":{"tags":["cat_c_1","FPC"],"mode":"matchingTag"}} []
[2020-10-26 14:51:32] main.DEBUG: cache_invalidate:  {"method":"POST","url":"https://chectchin.com/marketplace/product/save/","invalidateInfo":{"tags":["cat_p_6","cat_p_6","cat_p_6","cat_p_6","cat_p_6","cat_p_6","cat_c_2","cat_c_1","cat_c_2","cat_c_1","cat_c_2","cat_c_1"],"mode":"matchingAnyTag"}} []
[2020-10-26 14:51:32] main.DEBUG: cache_invalidate:  {"method":"POST","url":"https://chectchin.com/marketplace/product/save/","invalidateInfo":{"tags":["marketplace_product"],"mode":"matchingAnyTag"}} []
[2020-10-26 14:51:32] main.DEBUG: cache_invalidate:  {"method":"POST","url":"https://chectchin.com/marketplace/product/save/","invalidateInfo":{"tags":["marketplace_product_2","FPC"],"mode":"matchingTag"}} []
[2020-10-26 14:51:32] main.DEBUG: cache_invalidate:  {"method":"POST","url":"https://chectchin.com/marketplace/product/save/","invalidateInfo":{"tags":["marketplace_product_2","FPC"],"mode":"matchingTag"}} []
[2020-10-26 14:51:32] main.DEBUG: cache_invalidate:  {"method":"POST","url":"https://chectchin.com/marketplace/product/save/","invalidateInfo":{"tags":["CONFIG"],"mode":"matchingTag"}} []
[2020-10-26 14:51:32] main.DEBUG: cache_invalidate:  {"method":"POST","url":"https://chectchin.com/marketplace/product/save/","invalidateInfo":{"tags":["LAYOUT_GENERAL_CACHE_TAG"],"mode":"matchingTag"}} []
[2020-10-26 14:51:32] main.DEBUG: cache_invalidate:  {"method":"POST","url":"https://chectchin.com/marketplace/product/save/","invalidateInfo":{"tags":["BLOCK_HTML"],"mode":"matchingTag"}} []
[2020-10-26 14:51:32] main.DEBUG: cache_invalidate:  {"method":"POST","url":"https://chectchin.com/marketplace/product/save/","invalidateInfo":{"tags":["COLLECTION_DATA"],"mode":"matchingTag"}} []
[2020-10-26 14:51:32] main.DEBUG: cache_invalidate:  {"method":"POST","url":"https://chectchin.com/marketplace/product/save/","invalidateInfo":{"tags":["REFLECTION"],"mode":"matchingTag"}} []
[2020-10-26 14:51:32] main.DEBUG: cache_invalidate:  {"method":"POST","url":"https://chectchin.com/marketplace/product/save/","invalidateInfo":{"tags":["DB_DDL"],"mode":"matchingTag"}} []
[2020-10-26 14:51:32] main.DEBUG: cache_invalidate:  {"method":"POST","url":"https://chectchin.com/marketplace/product/save/","invalidateInfo":{"tags":["COMPILED_CONFIG"],"mode":"matchingTag"}} []
[2020-10-26 14:51:32] main.DEBUG: cache_invalidate:  {"method":"POST","url":"https://chectchin.com/marketplace/product/save/","invalidateInfo":{"tags":["EAV"],"mode":"matchingTag"}} []
[2020-10-26 14:51:32] main.DEBUG: cache_invalidate:  {"method":"POST","url":"https://chectchin.com/marketplace/product/save/","invalidateInfo":{"tags":["CUSTOMER_NOTIFICATION"],"mode":"matchingTag"}} []
[2020-10-26 14:51:32] main.DEBUG: cache_invalidate:  {"method":"POST","url":"https://chectchin.com/marketplace/product/save/","invalidateInfo":{"tags":["INTEGRATION"],"mode":"matchingTag"}} []
[2020-10-26 14:51:32] main.DEBUG: cache_invalidate:  {"method":"POST","url":"https://chectchin.com/marketplace/product/save/","invalidateInfo":{"tags":["INTEGRATION_API_CONFIG"],"mode":"matchingTag"}} []
[2020-10-26 14:51:32] main.DEBUG: cache_invalidate:  {"method":"POST","url":"https://chectchin.com/marketplace/product/save/","invalidateInfo":{"tags":["FPC"],"mode":"matchingTag"}} []
[2020-10-26 14:51:32] main.DEBUG: cache_invalidate:  {"method":"POST","url":"https://chectchin.com/marketplace/product/save/","invalidateInfo":{"tags":["WEBSERVICE"],"mode":"matchingTag"}} []
[2020-10-26 14:51:32] main.DEBUG: cache_invalidate:  {"method":"POST","url":"https://chectchin.com/marketplace/product/save/","invalidateInfo":{"tags":["TRANSLATE"],"mode":"matchingTag"}} []
[2020-10-26 14:51:32] main.DEBUG: cache_invalidate:  {"method":"POST","url":"https://chectchin.com/marketplace/product/save/","invalidateInfo":{"tags":["VERTEX"],"mode":"matchingTag"}} []
[2020-10-26 14:51:40] main.INFO: Broken reference: the 'skip_to_content.target' element cannot be added as child to 'main.content', because the latter doesn't exist [] []
[2020-10-26 14:51:40] main.INFO: Broken reference: the 'header.panel.wrapper' element cannot be added as child to 'header.container', because the latter doesn't exist [] []
[2020-10-26 14:51:40] main.INFO: Broken reference: the 'header-wrapper' element cannot be added as child to 'header.container', because the latter doesn't exist [] []
[2020-10-26 14:51:40] main.INFO: Broken reference: the 'navigation.sections' element cannot be added as child to 'page.top', because the latter doesn't exist [] []
[2020-10-26 14:51:40] main.INFO: Broken reference: the 'top.container' element cannot be added as child to 'page.top', because the latter doesn't exist [] []
[2020-10-26 14:51:40] main.INFO: Broken reference: the 'breadcrumbs' element cannot be added as child to 'page.top', because the latter doesn't exist [] []
[2020-10-26 14:51:40] main.INFO: Broken reference: the 'page.main.title' element cannot be added as child to 'columns.top', because the latter doesn't exist [] []
[2020-10-26 14:51:40] main.INFO: Broken reference: the 'page.messages' element cannot be added as child to 'columns.top', because the latter doesn't exist [] []
[2020-10-26 14:51:40] main.INFO: Broken reference: the 'content.top' element cannot be added as child to 'main', because the latter doesn't exist [] []
[2020-10-26 14:51:40] main.INFO: Broken reference: the 'content' element cannot be added as child to 'main', because the latter doesn't exist [] []
[2020-10-26 14:51:40] main.INFO: Broken reference: the 'content.aside' element cannot be added as child to 'main', because the latter doesn't exist [] []
[2020-10-26 14:51:40] main.INFO: Broken reference: the 'content.bottom' element cannot be added as child to 'main', because the latter doesn't exist [] []
[2020-10-26 14:51:40] main.INFO: Broken reference: the 'page.bottom' element cannot be added as child to 'page.bottom.container', because the latter doesn't exist [] []
[2020-10-26 14:51:40] main.INFO: Broken reference: the 'footer' element cannot be added as child to 'footer-container', because the latter doesn't exist [] []
[2020-10-26 14:51:40] main.INFO: Broken reference: the 'catalog.compare.sidebar' element cannot be added as child to 'sidebar.additional', because the latter doesn't exist [] []
[2020-10-26 14:51:40] main.INFO: Broken reference: the 'sale.reorder.sidebar' element cannot be added as child to 'sidebar.additional', because the latter doesn't exist [] []
[2020-10-26 14:51:40] main.INFO: Broken reference: the 'wishlist_sidebar' element cannot be added as child to 'sidebar.additional', because the latter doesn't exist [] []
[2020-10-26 14:51:40] main.INFO: Broken reference: the 'yotpo_bottomline' element cannot be added as child to 'product.info.main', because the latter doesn't exist [] []
[2020-10-26 14:51:40] main.INFO: Broken reference: the 'sidebar.main.account_nav' element cannot be added as child to 'sidebar.main', because the latter doesn't exist [] []
[2020-10-26 14:51:40] main.INFO: Broken reference: the 'seller_account_navigation' element cannot be added as child to 'sidebar.main', because the latter doesn't exist [] []
[2020-10-26 14:51:40] main.INFO: Broken reference: the 'seller.header' tries to reorder itself towards 'seller.notifications', but their parents are different: 'seller.page.wrapper' and 'seller.header' respectively. [] []
[2020-10-26 14:51:40] main.INFO: Broken reference: the 'seller.page.menu' tries to reorder itself towards 'header', but their parents are different: 'seller.page.wrapper' and 'top.links' respectively. [] []
[2020-10-26 14:51:40] main.INFO: Broken reference: the 'skip_to_content.target' tries to reorder itself towards '', but their parents are different: 'main.content' and '' respectively. [] []
[2020-10-26 14:51:40] main.INFO: Broken reference: the 'header.panel.wrapper' tries to reorder itself towards '', but their parents are different: 'header.container' and '' respectively. [] []
[2020-10-26 14:51:40] main.INFO: Broken reference: the 'navigation.sections' tries to reorder itself towards '', but their parents are different: 'page.top' and '' respectively. [] []
[2020-10-26 14:51:40] main.INFO: Broken reference: the 'yotpo_bottomline' tries to reorder itself towards 'product.info.addto', but their parents are different: 'product.info.main' and '' respectively. [] []
[2020-10-26 14:51:40] main.INFO: Broken reference: the 'sidebar.main.account_nav' tries to reorder itself towards '', but their parents are different: 'sidebar.main' and '' respectively. [] []
[2020-10-26 14:51:40] main.INFO: Broken reference: the 'seller_account_navigation' tries to reorder itself towards '', but their parents are different: 'sidebar.main' and '' respectively. [] []
[2020-10-26 14:51:48] main.INFO: Broken reference: the 'yotpo_bottomline' element cannot be added as child to 'product.info.main', because the latter doesn't exist [] []
[2020-10-26 14:51:48] main.INFO: Broken reference: the 'yotpo_bottomline' tries to reorder itself towards 'product.info.addto', but their parents are different: 'product.info.main' and '' respectively. [] []
[2020-10-26 14:51:51] main.INFO: Broken reference: the 'catalog.compare.sidebar' element cannot be added as child to 'sidebar.additional', because the latter doesn't exist [] []
[2020-10-26 14:51:51] main.INFO: Broken reference: the 'sale.reorder.sidebar' element cannot be added as child to 'sidebar.additional', because the latter doesn't exist [] []
[2020-10-26 14:51:51] main.INFO: Broken reference: the 'wishlist_sidebar' element cannot be added as child to 'sidebar.additional', because the latter doesn't exist [] []
[2020-10-26 14:51:51] main.INFO: Broken reference: the 'yotpo_bottomline' element cannot be added as child to 'product.info.main', because the latter doesn't exist [] []
[2020-10-26 14:51:51] main.INFO: Broken reference: the 'yotpo_bottomline' tries to reorder itself towards 'product.info.addto', but their parents are different: 'product.info.main' and '' respectively. [] []
[2020-10-26 14:51:52] main.INFO: Broken reference: the 'yotpo_bottomline' element cannot be added as child to 'product.info.main', because the latter doesn't exist [] []
[2020-10-26 14:51:52] main.INFO: Broken reference: the 'yotpo_bottomline' tries to reorder itself towards 'product.info.addto', but their parents are different: 'product.info.main' and '' respectively. [] []
[2020-10-26 14:51:54] main.INFO: Broken reference: the 'catalog.compare.sidebar' element cannot be added as child to 'sidebar.additional', because the latter doesn't exist [] []
[2020-10-26 14:51:54] main.INFO: Broken reference: the 'sale.reorder.sidebar' element cannot be added as child to 'sidebar.additional', because the latter doesn't exist [] []
[2020-10-26 14:51:54] main.INFO: Broken reference: the 'wishlist_sidebar' element cannot be added as child to 'sidebar.additional', because the latter doesn't exist [] []
[2020-10-26 14:51:54] main.INFO: Broken reference: the 'yotpo_bottomline' element cannot be added as child to 'product.info.main', because the latter doesn't exist [] []
[2020-10-26 14:51:54] main.INFO: Broken reference: the 'yotpo_bottomline' tries to reorder itself towards 'product.info.addto', but their parents are different: 'product.info.main' and '' respectively. [] []
[2020-10-26 14:51:55] main.ERROR: Missing required argument $adapters of Magento\Search\Model\AdapterFactory. [] []
[2020-10-26 14:51:55] main.INFO: Broken reference: the 'yotpo_bottomline' element cannot be added as child to 'product.info.main', because the latter doesn't exist [] []
[2020-10-26 14:51:55] main.INFO: Broken reference: the 'yotpo_bottomline' tries to reorder itself towards 'product.info.addto', but their parents are different: 'product.info.main' and '' respectively. [] []
[2020-10-26 14:54:25] main.DEBUG: cache_invalidate:  {"method":"GET","url":"http:/","invalidateInfo":{"tags":["FPC"],"mode":"matchingTag"}} []
[2020-10-26 14:54:37] main.INFO: Broken reference: the 'catalog.compare.sidebar' element cannot be added as child to 'sidebar.additional', because the latter doesn't exist [] []
[2020-10-26 14:54:37] main.INFO: Broken reference: the 'sale.reorder.sidebar' element cannot be added as child to 'sidebar.additional', because the latter doesn't exist [] []
[2020-10-26 14:54:37] main.INFO: Broken reference: the 'wishlist_sidebar' element cannot be added as child to 'sidebar.additional', because the latter doesn't exist [] []
[2020-10-26 14:54:37] main.INFO: Broken reference: the 'yotpo_bottomline' element cannot be added as child to 'product.info.main', because the latter doesn't exist [] []
[2020-10-26 14:54:37] main.INFO: Broken reference: the 'yotpo_bottomline' tries to reorder itself towards 'product.info.addto', but their parents are different: 'product.info.main' and '' respectively. [] []
[2020-10-26 14:54:37] main.ERROR: Missing required argument $adapters of Magento\Search\Model\AdapterFactory. [] []
[2020-10-26 14:55:11] main.DEBUG: cache_invalidate:  {"method":"GET","url":"http:/","invalidateInfo":{"tags":["FPC"],"mode":"matchingTag"}} []
[2020-10-26 14:55:21] main.INFO: Broken reference: the 'catalog.compare.sidebar' element cannot be added as child to 'sidebar.additional', because the latter doesn't exist [] []
[2020-10-26 14:55:21] main.INFO: Broken reference: the 'sale.reorder.sidebar' element cannot be added as child to 'sidebar.additional', because the latter doesn't exist [] []
[2020-10-26 14:55:21] main.INFO: Broken reference: the 'wishlist_sidebar' element cannot be added as child to 'sidebar.additional', because the latter doesn't exist [] []
[2020-10-26 14:55:21] main.INFO: Broken reference: the 'yotpo_bottomline' element cannot be added as child to 'product.info.main', because the latter doesn't exist [] []
[2020-10-26 14:55:21] main.INFO: Broken reference: the 'yotpo_bottomline' tries to reorder itself towards 'product.info.addto', but their parents are different: 'product.info.main' and '' respectively. [] []
[2020-10-26 14:55:21] main.ERROR: Missing required argument $adapters of Magento\Search\Model\AdapterFactory. [] []
[2020-10-26 14:59:04] main.INFO: Broken reference: the 'yotpo_bottomline' element cannot be added as child to 'product.info.main', because the latter doesn't exist [] []
[2020-10-26 14:59:04] main.INFO: Broken reference: the 'yotpo_bottomline' tries to reorder itself towards 'product.info.addto', but their parents are different: 'product.info.main' and '' respectively. [] []
[2020-10-26 15:04:43] main.DEBUG: cache_invalidate:  {"method":"GET","url":"http:/","invalidateInfo":{"tags":["FPC"],"mode":"matchingTag"}} []
[2020-10-26 15:04:43] main.DEBUG: cache_invalidate:  {"method":"GET","url":"http:/","invalidateInfo":{"tags":["CONFIG"],"mode":"matchingTag"}} []
[2020-10-26 15:04:43] main.DEBUG: cache_invalidate:  {"method":"GET","url":"http:/","invalidateInfo":{"tags":["LAYOUT_GENERAL_CACHE_TAG"],"mode":"matchingTag"}} []
[2020-10-26 15:04:43] main.DEBUG: cache_invalidate:  {"method":"GET","url":"http:/","invalidateInfo":{"tags":["BLOCK_HTML"],"mode":"matchingTag"}} []
[2020-10-26 15:04:43] main.DEBUG: cache_invalidate:  {"method":"GET","url":"http:/","invalidateInfo":{"tags":["COLLECTION_DATA"],"mode":"matchingTag"}} []
[2020-10-26 15:04:43] main.DEBUG: cache_invalidate:  {"method":"GET","url":"http:/","invalidateInfo":{"tags":["REFLECTION"],"mode":"matchingTag"}} []
[2020-10-26 15:04:43] main.DEBUG: cache_invalidate:  {"method":"GET","url":"http:/","invalidateInfo":{"tags":["DB_DDL"],"mode":"matchingTag"}} []
[2020-10-26 15:04:43] main.DEBUG: cache_invalidate:  {"method":"GET","url":"http:/","invalidateInfo":{"tags":["COMPILED_CONFIG"],"mode":"matchingTag"}} []
[2020-10-26 15:04:43] main.DEBUG: cache_invalidate:  {"method":"GET","url":"http:/","invalidateInfo":{"tags":["EAV"],"mode":"matchingTag"}} []
[2020-10-26 15:04:43] main.DEBUG: cache_invalidate:  {"method":"GET","url":"http:/","invalidateInfo":{"tags":["CUSTOMER_NOTIFICATION"],"mode":"matchingTag"}} []
[2020-10-26 15:04:43] main.DEBUG: cache_invalidate:  {"method":"GET","url":"http:/","invalidateInfo":{"tags":["INTEGRATION"],"mode":"matchingTag"}} []
[2020-10-26 15:04:43] main.DEBUG: cache_invalidate:  {"method":"GET","url":"http:/","invalidateInfo":{"tags":["INTEGRATION_API_CONFIG"],"mode":"matchingTag"}} []
[2020-10-26 15:04:43] main.DEBUG: cache_invalidate:  {"method":"GET","url":"http:/","invalidateInfo":{"tags":["FPC"],"mode":"matchingTag"}} []
[2020-10-26 15:04:43] main.DEBUG: cache_invalidate:  {"method":"GET","url":"http:/","invalidateInfo":{"tags":["WEBSERVICE"],"mode":"matchingTag"}} []
[2020-10-26 15:04:43] main.DEBUG: cache_invalidate:  {"method":"GET","url":"http:/","invalidateInfo":{"tags":["TRANSLATE"],"mode":"matchingTag"}} []
[2020-10-26 15:04:43] main.DEBUG: cache_invalidate:  {"method":"GET","url":"http:/","invalidateInfo":{"tags":["VERTEX"],"mode":"matchingTag"}} []
[2020-10-26 15:05:11] main.DEBUG: cache_invalidate:  {"method":"GET","url":"http:/","invalidateInfo":{"tags":["FPC"],"mode":"matchingTag"}} []
[2020-10-26 15:05:11] main.DEBUG: cache_invalidate:  {"method":"GET","url":"http:/","invalidateInfo":{"tags":["CONFIG"],"mode":"matchingTag"}} []
[2020-10-26 15:05:11] main.DEBUG: cache_invalidate:  {"method":"GET","url":"http:/","invalidateInfo":{"tags":["LAYOUT_GENERAL_CACHE_TAG"],"mode":"matchingTag"}} []
[2020-10-26 15:05:11] main.DEBUG: cache_invalidate:  {"method":"GET","url":"http:/","invalidateInfo":{"tags":["BLOCK_HTML"],"mode":"matchingTag"}} []
[2020-10-26 15:05:11] main.DEBUG: cache_invalidate:  {"method":"GET","url":"http:/","invalidateInfo":{"tags":["COLLECTION_DATA"],"mode":"matchingTag"}} []
[2020-10-26 15:05:11] main.DEBUG: cache_invalidate:  {"method":"GET","url":"http:/","invalidateInfo":{"tags":["REFLECTION"],"mode":"matchingTag"}} []
[2020-10-26 15:05:11] main.DEBUG: cache_invalidate:  {"method":"GET","url":"http:/","invalidateInfo":{"tags":["DB_DDL"],"mode":"matchingTag"}} []
[2020-10-26 15:05:11] main.DEBUG: cache_invalidate:  {"method":"GET","url":"http:/","invalidateInfo":{"tags":["COMPILED_CONFIG"],"mode":"matchingTag"}} []
[2020-10-26 15:05:11] main.DEBUG: cache_invalidate:  {"method":"GET","url":"http:/","invalidateInfo":{"tags":["EAV"],"mode":"matchingTag"}} []
[2020-10-26 15:05:11] main.DEBUG: cache_invalidate:  {"method":"GET","url":"http:/","invalidateInfo":{"tags":["CUSTOMER_NOTIFICATION"],"mode":"matchingTag"}} []
[2020-10-26 15:05:11] main.DEBUG: cache_invalidate:  {"method":"GET","url":"http:/","invalidateInfo":{"tags":["INTEGRATION"],"mode":"matchingTag"}} []
[2020-10-26 15:05:11] main.DEBUG: cache_invalidate:  {"method":"GET","url":"http:/","invalidateInfo":{"tags":["INTEGRATION_API_CONFIG"],"mode":"matchingTag"}} []
[2020-10-26 15:05:11] main.DEBUG: cache_invalidate:  {"method":"GET","url":"http:/","invalidateInfo":{"tags":["FPC"],"mode":"matchingTag"}} []
[2020-10-26 15:05:11] main.DEBUG: cache_invalidate:  {"method":"GET","url":"http:/","invalidateInfo":{"tags":["WEBSERVICE"],"mode":"matchingTag"}} []
[2020-10-26 15:05:11] main.DEBUG: cache_invalidate:  {"method":"GET","url":"http:/","invalidateInfo":{"tags":["TRANSLATE"],"mode":"matchingTag"}} []
[2020-10-26 15:05:11] main.DEBUG: cache_invalidate:  {"method":"GET","url":"http:/","invalidateInfo":{"tags":["VERTEX"],"mode":"matchingTag"}} []
[2020-10-26 15:05:13] main.INFO: Broken reference: the 'catalog.compare.sidebar' element cannot be added as child to 'sidebar.additional', because the latter doesn't exist [] []
[2020-10-26 15:05:13] main.INFO: Broken reference: the 'sale.reorder.sidebar' element cannot be added as child to 'sidebar.additional', because the latter doesn't exist [] []
[2020-10-26 15:05:13] main.INFO: Broken reference: the 'wishlist_sidebar' element cannot be added as child to 'sidebar.additional', because the latter doesn't exist [] []
[2020-10-26 15:05:13] main.INFO: Broken reference: the 'yotpo_bottomline' element cannot be added as child to 'product.info.main', because the latter doesn't exist [] []
[2020-10-26 15:05:13] main.INFO: Broken reference: the 'yotpo_bottomline' tries to reorder itself towards 'product.info.addto', but their parents are different: 'product.info.main' and '' respectively. [] []
[2020-10-26 15:05:13] main.ERROR: Missing required argument $adapters of Magento\Search\Model\AdapterFactory. [] []
[2020-10-26 15:06:19] main.INFO: Broken reference: the 'yotpo_bottomline' element cannot be added as child to 'product.info.main', because the latter doesn't exist [] []
[2020-10-26 15:06:19] main.INFO: Broken reference: the 'yotpo_bottomline' tries to reorder itself towards 'product.info.addto', but their parents are different: 'product.info.main' and '' respectively. [] []
[2020-10-26 15:13:27] main.INFO: Broken reference: the 'yotpo_bottomline' element cannot be added as child to 'product.info.main', because the latter doesn't exist [] []
[2020-10-26 15:13:27] main.INFO: Broken reference: the 'yotpo_bottomline' tries to reorder itself towards 'product.info.addto', but their parents are different: 'product.info.main' and '' respectively. [] []
[2020-10-26 15:20:39] main.INFO: Broken reference: the 'yotpo_bottomline' element cannot be added as child to 'product.info.main', because the latter doesn't exist [] []
[2020-10-26 15:20:39] main.INFO: Broken reference: the 'yotpo_bottomline' tries to reorder itself towards 'product.info.addto', but their parents are different: 'product.info.main' and '' respectively. [] []
[2020-10-26 15:21:57] main.INFO: Broken reference: the 'catalog.compare.sidebar' element cannot be added as child to 'sidebar.additional', because the latter doesn't exist [] []
[2020-10-26 15:21:57] main.INFO: Broken reference: the 'sale.reorder.sidebar' element cannot be added as child to 'sidebar.additional', because the latter doesn't exist [] []
[2020-10-26 15:21:57] main.INFO: Broken reference: the 'wishlist_sidebar' element cannot be added as child to 'sidebar.additional', because the latter doesn't exist [] []
[2020-10-26 15:21:57] main.INFO: Broken reference: the 'marketplace-top-link' element cannot be added as child to 'header.links', because the latter doesn't exist [] []
[2020-10-26 15:21:57] main.INFO: Broken reference: the 'marketplace-account-switch-link' element cannot be added as child to 'header.links', because the latter doesn't exist [] []
[2020-10-26 15:21:57] main.INFO: Broken reference: the 'yotpo_bottomline' element cannot be added as child to 'product.info.main', because the latter doesn't exist [] []
[2020-10-26 15:21:57] main.INFO: Broken reference: the 'paypal.partner.right.logo' element cannot be added as child to 'sidebar.additional', because the latter doesn't exist [] []
[2020-10-26 15:21:57] main.INFO: Broken reference: the 'bml.right.logo' element cannot be added as child to 'sidebar.additional', because the latter doesn't exist [] []
[2020-10-26 15:21:57] main.INFO: Broken reference: the 'yotpo_bottomline' tries to reorder itself towards 'product.info.addto', but their parents are different: 'product.info.main' and '' respectively. [] []
[2020-10-26 15:22:14] main.INFO: Broken reference: the 'catalog.compare.sidebar' element cannot be added as child to 'sidebar.additional', because the latter doesn't exist [] []
[2020-10-26 15:22:14] main.INFO: Broken reference: the 'sale.reorder.sidebar' element cannot be added as child to 'sidebar.additional', because the latter doesn't exist [] []
[2020-10-26 15:22:14] main.INFO: Broken reference: the 'wishlist_sidebar' element cannot be added as child to 'sidebar.additional', because the latter doesn't exist [] []
[2020-10-26 15:22:14] main.INFO: Broken reference: the 'yotpo_bottomline' element cannot be added as child to 'product.info.main', because the latter doesn't exist [] []
[2020-10-26 15:22:14] main.INFO: Broken reference: the 'yotpo_bottomline' tries to reorder itself towards 'product.info.addto', but their parents are different: 'product.info.main' and '' respectively. [] []
[2020-10-26 15:22:17] main.INFO: Broken reference: the 'catalog.compare.sidebar' element cannot be added as child to 'sidebar.additional', because the latter doesn't exist [] []
[2020-10-26 15:22:17] main.INFO: Broken reference: the 'sale.reorder.sidebar' element cannot be added as child to 'sidebar.additional', because the latter doesn't exist [] []
[2020-10-26 15:22:17] main.INFO: Broken reference: the 'wishlist_sidebar' element cannot be added as child to 'sidebar.additional', because the latter doesn't exist [] []
[2020-10-26 15:22:17] main.INFO: Broken reference: the 'yotpo_bottomline' element cannot be added as child to 'product.info.main', because the latter doesn't exist [] []
[2020-10-26 15:22:17] main.INFO: Broken reference: the 'yotpo_bottomline' tries to reorder itself towards 'product.info.addto', but their parents are different: 'product.info.main' and '' respectively. [] []
[2020-10-26 15:22:24] main.INFO: Broken reference: the 'catalog.compare.sidebar' element cannot be added as child to 'sidebar.additional', because the latter doesn't exist [] []
[2020-10-26 15:22:24] main.INFO: Broken reference: the 'sale.reorder.sidebar' element cannot be added as child to 'sidebar.additional', because the latter doesn't exist [] []
[2020-10-26 15:22:24] main.INFO: Broken reference: the 'wishlist_sidebar' element cannot be added as child to 'sidebar.additional', because the latter doesn't exist [] []
[2020-10-26 15:22:24] main.INFO: Broken reference: the 'yotpo_bottomline' element cannot be added as child to 'product.info.main', because the latter doesn't exist [] []
[2020-10-26 15:22:24] main.INFO: Broken reference: the 'yotpo_bottomline' tries to reorder itself towards 'product.info.addto', but their parents are different: 'product.info.main' and '' respectively. [] []
[2020-10-26 15:22:24] main.INFO: Broken reference: the 'catalog.compare.sidebar' element cannot be added as child to 'sidebar.additional', because the latter doesn't exist [] []
[2020-10-26 15:22:24] main.INFO: Broken reference: the 'sale.reorder.sidebar' element cannot be added as child to 'sidebar.additional', because the latter doesn't exist [] []
[2020-10-26 15:22:24] main.INFO: Broken reference: the 'wishlist_sidebar' element cannot be added as child to 'sidebar.additional', because the latter doesn't exist [] []
[2020-10-26 15:22:24] main.INFO: Broken reference: the 'yotpo_bottomline' element cannot be added as child to 'product.info.main', because the latter doesn't exist [] []
[2020-10-26 15:22:24] main.INFO: Broken reference: the 'yotpo_bottomline' tries to reorder itself towards 'product.info.addto', but their parents are different: 'product.info.main' and '' respectively. [] []
[2020-10-26 15:22:24] main.ERROR: Missing required argument $adapters of Magento\Search\Model\AdapterFactory. [] []
[2020-10-26 15:22:25] main.ERROR: Missing required argument $adapters of Magento\Search\Model\AdapterFactory. [] []
[2020-10-26 15:22:27] main.INFO: Broken reference: the 'catalog.compare.sidebar' element cannot be added as child to 'sidebar.additional', because the latter doesn't exist [] []
[2020-10-26 15:22:27] main.INFO: Broken reference: the 'sale.reorder.sidebar' element cannot be added as child to 'sidebar.additional', because the latter doesn't exist [] []
[2020-10-26 15:22:27] main.INFO: Broken reference: the 'wishlist_sidebar' element cannot be added as child to 'sidebar.additional', because the latter doesn't exist [] []
[2020-10-26 15:22:27] main.INFO: Broken reference: the 'yotpo_bottomline' element cannot be added as child to 'product.info.main', because the latter doesn't exist [] []
[2020-10-26 15:22:27] main.INFO: Broken reference: the 'yotpo_bottomline' tries to reorder itself towards 'product.info.addto', but their parents are different: 'product.info.main' and '' respectively. [] []
[2020-10-26 15:22:31] main.INFO: Broken reference: the 'catalog.compare.sidebar' element cannot be added as child to 'sidebar.additional', because the latter doesn't exist [] []
[2020-10-26 15:22:31] main.INFO: Broken reference: the 'sale.reorder.sidebar' element cannot be added as child to 'sidebar.additional', because the latter doesn't exist [] []
[2020-10-26 15:22:31] main.INFO: Broken reference: the 'wishlist_sidebar' element cannot be added as child to 'sidebar.additional', because the latter doesn't exist [] []
[2020-10-26 15:22:31] main.INFO: Broken reference: the 'yotpo_bottomline' tries to reorder itself towards 'product.info.addto', but their parents are different: 'product.info.main' and 'product.info.social' respectively. [] []
[2020-10-26 15:22:31] main.INFO: Broken reference: the 'skip_gallery_before' tries to reorder itself towards 'product.info.media.image', but their parents are different: 'skip_gallery_before.wrapper' and 'product.info.media' respectively. [] []
[2020-10-26 15:22:31] main.INFO: Broken reference: the 'skip_gallery_after' tries to reorder itself towards 'product.info.media.image', but their parents are different: 'skip_gallery_after.wrapper' and 'product.info.media' respectively. [] []
[2020-10-26 15:22:31] main.CRITICAL: Can't create directory /var/www/magento2s/generated/code/PayPal/Braintree/Model/ResourceModel/CreditPrice/.
Class PayPal\Braintree\Model\ResourceModel\CreditPrice\CollectionFactory generation error: The requested class did not generate properly, because the 'generated' directory permission is read-only. If --- after running the 'bin/magento setup:di:compile' CLI command when the 'generated' directory permission is set to write --- the requested class did not generate properly, then you must add the generated class object to the signature of the related construct method, only. [] []
[2020-10-26 15:22:31] main.DEBUG: Can't create directory /var/www/magento2s/generated/code/PayPal/Braintree/Model/ResourceModel/CreditPrice/.
Class PayPal\Braintree\Model\ResourceModel\CreditPrice\CollectionFactory generation error: The requested class did not generate properly, because the 'generated' directory permission is read-only. If --- after running the 'bin/magento setup:di:compile' CLI command when the 'generated' directory permission is set to write --- the requested class did not generate properly, then you must add the generated class object to the signature of the related construct method, only. {"exception":"[object] (RuntimeException(code: 0): Can't create directory /var/www/magento2s/generated/code/PayPal/Braintree/Model/ResourceModel/CreditPrice/.
Class PayPal\\Braintree\\Model\\ResourceModel\\CreditPrice\\CollectionFactory generation error: The requested class did not generate properly, because the 'generated' directory permission is read-only. If --- after running the 'bin/magento setup:di:compile' CLI command when the 'generated' directory permission is set to write --- the requested class did not generate properly, then you must add the generated class object to the signature of the related construct method, only. at /var/www/magento2s/vendor/magento/framework/Code/Generator.php:139)"} []
[2020-10-26 15:22:31] main.CRITICAL: Impossible to process constructor argument Parameter #0 [ <required> PayPal\Braintree\Model\ResourceModel\CreditPrice\CollectionFactory $collectionFactory ] of PayPal\Braintree\Model\ResourceModel\CreditPriceRepository class [] []
[2020-10-26 15:22:31] main.CRITICAL: Invalid block type: PayPal\Braintree\Block\Credit\Calculator\Product\View {"exception":"[object] (Magento\\Framework\\Exception\\LocalizedException(code: 0): Invalid block type: PayPal\\Braintree\\Block\\Credit\\Calculator\\Product\\View at /var/www/magento2s/vendor/magento/framework/View/Layout/Generator/Block.php:278, ReflectionException(code: 0): Impossible to process constructor argument Parameter #0 [ <required> PayPal\\Braintree\\Model\\ResourceModel\\CreditPrice\\CollectionFactory $collectionFactory ] of PayPal\\Braintree\\Model\\ResourceModel\\CreditPriceRepository class at /var/www/magento2s/vendor/magento/framework/Code/Reader/ClassReader.php:45, ReflectionException(code: 0): Class PayPal\\Braintree\\Model\\ResourceModel\\CreditPrice\\CollectionFactory does not exist at /var/www/magento2s/vendor/magento/framework/Code/Reader/ClassReader.php:34)"} []
[2020-10-26 15:22:32] main.INFO: Broken reference: the 'yotpo_bottomline' tries to reorder itself towards 'product.info.addto', but their parents are different: 'product.info.main' and 'product.info.social' respectively. [] []
[2020-10-26 15:22:32] main.INFO: Broken reference: the 'skip_gallery_before' tries to reorder itself towards 'product.info.media.image', but their parents are different: 'skip_gallery_before.wrapper' and 'product.info.media' respectively. [] []
[2020-10-26 15:22:32] main.INFO: Broken reference: the 'skip_gallery_after' tries to reorder itself towards 'product.info.media.image', but their parents are different: 'skip_gallery_after.wrapper' and 'product.info.media' respectively. [] []
[2020-10-26 15:22:32] main.CRITICAL: Can't create directory /var/www/magento2s/generated/code/PayPal/Braintree/Model/ResourceModel/CreditPrice/.
Class PayPal\Braintree\Model\ResourceModel\CreditPrice\CollectionFactory generation error: The requested class did not generate properly, because the 'generated' directory permission is read-only. If --- after running the 'bin/magento setup:di:compile' CLI command when the 'generated' directory permission is set to write --- the requested class did not generate properly, then you must add the generated class object to the signature of the related construct method, only. [] []
[2020-10-26 15:22:32] main.CRITICAL: Impossible to process constructor argument Parameter #0 [ <required> PayPal\Braintree\Model\ResourceModel\CreditPrice\CollectionFactory $collectionFactory ] of PayPal\Braintree\Model\ResourceModel\CreditPriceRepository class [] []
[2020-10-26 15:22:32] main.ERROR: Invalid block type: PayPal\Braintree\Block\Credit\Calculator\Product\View [] []
[2020-10-26 15:22:42] main.INFO: Broken reference: the 'catalog.compare.sidebar' element cannot be added as child to 'sidebar.additional', because the latter doesn't exist [] []
[2020-10-26 15:22:42] main.INFO: Broken reference: the 'sale.reorder.sidebar' element cannot be added as child to 'sidebar.additional', because the latter doesn't exist [] []
[2020-10-26 15:22:42] main.INFO: Broken reference: the 'wishlist_sidebar' element cannot be added as child to 'sidebar.additional', because the latter doesn't exist [] []
[2020-10-26 15:22:42] main.INFO: Broken reference: the 'yotpo_bottomline' element cannot be added as child to 'product.info.main', because the latter doesn't exist [] []
[2020-10-26 15:22:42] main.INFO: Broken reference: the 'yotpo_bottomline' tries to reorder itself towards 'product.info.addto', but their parents are different: 'product.info.main' and '' respectively. [] []
[2020-10-26 15:23:23] main.INFO: Broken reference: the 'catalog.compare.sidebar' element cannot be added as child to 'sidebar.additional', because the latter doesn't exist [] []
[2020-10-26 15:23:23] main.INFO: Broken reference: the 'sale.reorder.sidebar' element cannot be added as child to 'sidebar.additional', because the latter doesn't exist [] []
[2020-10-26 15:23:23] main.INFO: Broken reference: the 'wishlist_sidebar' element cannot be added as child to 'sidebar.additional', because the latter doesn't exist [] []
[2020-10-26 15:23:23] main.INFO: Broken reference: the 'yotpo_bottomline' element cannot be added as child to 'product.info.main', because the latter doesn't exist [] []
[2020-10-26 15:23:23] main.INFO: Broken reference: the 'yotpo_bottomline' tries to reorder itself towards 'product.info.addto', but their parents are different: 'product.info.main' and '' respectively. [] []
[2020-10-26 15:27:51] main.INFO: Broken reference: the 'yotpo_bottomline' element cannot be added as child to 'product.info.main', because the latter doesn't exist [] []
[2020-10-26 15:27:51] main.INFO: Broken reference: the 'yotpo_bottomline' tries to reorder itself towards 'product.info.addto', but their parents are different: 'product.info.main' and '' respectively. [] []
[2020-10-26 15:29:13] main.DEBUG: cache_invalidate:  {"method":"GET","url":"http:/","invalidateInfo":{"tags":["FPC"],"mode":"matchingTag"}} []
[2020-10-26 15:29:13] main.DEBUG: cache_invalidate:  {"method":"GET","url":"http:/","invalidateInfo":{"tags":["CONFIG"],"mode":"matchingTag"}} []
[2020-10-26 15:29:13] main.DEBUG: cache_invalidate:  {"method":"GET","url":"http:/","invalidateInfo":{"tags":["LAYOUT_GENERAL_CACHE_TAG"],"mode":"matchingTag"}} []
[2020-10-26 15:29:13] main.DEBUG: cache_invalidate:  {"method":"GET","url":"http:/","invalidateInfo":{"tags":["BLOCK_HTML"],"mode":"matchingTag"}} []
[2020-10-26 15:29:13] main.DEBUG: cache_invalidate:  {"method":"GET","url":"http:/","invalidateInfo":{"tags":["COLLECTION_DATA"],"mode":"matchingTag"}} []
[2020-10-26 15:29:13] main.DEBUG: cache_invalidate:  {"method":"GET","url":"http:/","invalidateInfo":{"tags":["REFLECTION"],"mode":"matchingTag"}} []
[2020-10-26 15:29:13] main.DEBUG: cache_invalidate:  {"method":"GET","url":"http:/","invalidateInfo":{"tags":["DB_DDL"],"mode":"matchingTag"}} []
[2020-10-26 15:29:13] main.DEBUG: cache_invalidate:  {"method":"GET","url":"http:/","invalidateInfo":{"tags":["COMPILED_CONFIG"],"mode":"matchingTag"}} []
[2020-10-26 15:29:13] main.DEBUG: cache_invalidate:  {"method":"GET","url":"http:/","invalidateInfo":{"tags":["EAV"],"mode":"matchingTag"}} []
[2020-10-26 15:29:13] main.DEBUG: cache_invalidate:  {"method":"GET","url":"http:/","invalidateInfo":{"tags":["CUSTOMER_NOTIFICATION"],"mode":"matchingTag"}} []
[2020-10-26 15:29:13] main.DEBUG: cache_invalidate:  {"method":"GET","url":"http:/","invalidateInfo":{"tags":["INTEGRATION"],"mode":"matchingTag"}} []
[2020-10-26 15:29:13] main.DEBUG: cache_invalidate:  {"method":"GET","url":"http:/","invalidateInfo":{"tags":["INTEGRATION_API_CONFIG"],"mode":"matchingTag"}} []
[2020-10-26 15:29:13] main.DEBUG: cache_invalidate:  {"method":"GET","url":"http:/","invalidateInfo":{"tags":["FPC"],"mode":"matchingTag"}} []
[2020-10-26 15:29:13] main.DEBUG: cache_invalidate:  {"method":"GET","url":"http:/","invalidateInfo":{"tags":["WEBSERVICE"],"mode":"matchingTag"}} []
[2020-10-26 15:29:13] main.DEBUG: cache_invalidate:  {"method":"GET","url":"http:/","invalidateInfo":{"tags":["TRANSLATE"],"mode":"matchingTag"}} []
[2020-10-26 15:29:13] main.DEBUG: cache_invalidate:  {"method":"GET","url":"http:/","invalidateInfo":{"tags":["VERTEX"],"mode":"matchingTag"}} []
[2020-10-26 15:29:24] main.INFO: Broken reference: the 'catalog.compare.sidebar' element cannot be added as child to 'sidebar.additional', because the latter doesn't exist [] []
[2020-10-26 15:29:24] main.INFO: Broken reference: the 'sale.reorder.sidebar' element cannot be added as child to 'sidebar.additional', because the latter doesn't exist [] []
[2020-10-26 15:29:24] main.INFO: Broken reference: the 'wishlist_sidebar' element cannot be added as child to 'sidebar.additional', because the latter doesn't exist [] []
[2020-10-26 15:29:24] main.INFO: Broken reference: the 'yotpo_bottomline' element cannot be added as child to 'product.info.main', because the latter doesn't exist [] []
[2020-10-26 15:29:24] main.INFO: Broken reference: the 'yotpo_bottomline' tries to reorder itself towards 'product.info.addto', but their parents are different: 'product.info.main' and '' respectively. [] []
[2020-10-26 15:29:25] main.ERROR: Missing required argument $adapters of Magento\Search\Model\AdapterFactory. [] []
[2020-10-26 15:35:03] main.INFO: Broken reference: the 'yotpo_bottomline' element cannot be added as child to 'product.info.main', because the latter doesn't exist [] []
[2020-10-26 15:35:03] main.INFO: Broken reference: the 'yotpo_bottomline' tries to reorder itself towards 'product.info.addto', but their parents are different: 'product.info.main' and '' respectively. [] []
[2020-10-26 15:43:11] main.DEBUG: cache_invalidate:  {"method":"GET","url":"http:/","invalidateInfo":{"tags":["FPC"],"mode":"matchingTag"}} []
[2020-10-26 15:43:11] main.DEBUG: cache_invalidate:  {"method":"GET","url":"http:/","invalidateInfo":{"tags":["CONFIG"],"mode":"matchingTag"}} []
[2020-10-26 15:43:11] main.DEBUG: cache_invalidate:  {"method":"GET","url":"http:/","invalidateInfo":{"tags":["LAYOUT_GENERAL_CACHE_TAG"],"mode":"matchingTag"}} []
[2020-10-26 15:43:11] main.DEBUG: cache_invalidate:  {"method":"GET","url":"http:/","invalidateInfo":{"tags":["BLOCK_HTML"],"mode":"matchingTag"}} []
[2020-10-26 15:43:11] main.DEBUG: cache_invalidate:  {"method":"GET","url":"http:/","invalidateInfo":{"tags":["COLLECTION_DATA"],"mode":"matchingTag"}} []
[2020-10-26 15:43:11] main.DEBUG: cache_invalidate:  {"method":"GET","url":"http:/","invalidateInfo":{"tags":["REFLECTION"],"mode":"matchingTag"}} []
[2020-10-26 15:43:11] main.DEBUG: cache_invalidate:  {"method":"GET","url":"http:/","invalidateInfo":{"tags":["DB_DDL"],"mode":"matchingTag"}} []
[2020-10-26 15:43:11] main.DEBUG: cache_invalidate:  {"method":"GET","url":"http:/","invalidateInfo":{"tags":["COMPILED_CONFIG"],"mode":"matchingTag"}} []
[2020-10-26 15:43:11] main.DEBUG: cache_invalidate:  {"method":"GET","url":"http:/","invalidateInfo":{"tags":["EAV"],"mode":"matchingTag"}} []
[2020-10-26 15:43:11] main.DEBUG: cache_invalidate:  {"method":"GET","url":"http:/","invalidateInfo":{"tags":["CUSTOMER_NOTIFICATION"],"mode":"matchingTag"}} []
[2020-10-26 15:43:11] main.DEBUG: cache_invalidate:  {"method":"GET","url":"http:/","invalidateInfo":{"tags":["INTEGRATION"],"mode":"matchingTag"}} []
[2020-10-26 15:43:11] main.DEBUG: cache_invalidate:  {"method":"GET","url":"http:/","invalidateInfo":{"tags":["INTEGRATION_API_CONFIG"],"mode":"matchingTag"}} []
[2020-10-26 15:43:11] main.DEBUG: cache_invalidate:  {"method":"GET","url":"http:/","invalidateInfo":{"tags":["FPC"],"mode":"matchingTag"}} []
[2020-10-26 15:43:11] main.DEBUG: cache_invalidate:  {"method":"GET","url":"http:/","invalidateInfo":{"tags":["WEBSERVICE"],"mode":"matchingTag"}} []
[2020-10-26 15:43:11] main.DEBUG: cache_invalidate:  {"method":"GET","url":"http:/","invalidateInfo":{"tags":["TRANSLATE"],"mode":"matchingTag"}} []
[2020-10-26 15:43:11] main.DEBUG: cache_invalidate:  {"method":"GET","url":"http:/","invalidateInfo":{"tags":["VERTEX"],"mode":"matchingTag"}} []
[2020-10-26 15:43:25] main.INFO: Broken reference: the 'catalog.compare.sidebar' element cannot be added as child to 'sidebar.additional', because the latter doesn't exist [] []
[2020-10-26 15:43:25] main.INFO: Broken reference: the 'sale.reorder.sidebar' element cannot be added as child to 'sidebar.additional', because the latter doesn't exist [] []
[2020-10-26 15:43:25] main.INFO: Broken reference: the 'wishlist_sidebar' element cannot be added as child to 'sidebar.additional', because the latter doesn't exist [] []
[2020-10-26 15:43:25] main.INFO: Broken reference: the 'yotpo_bottomline' element cannot be added as child to 'product.info.main', because the latter doesn't exist [] []
[2020-10-26 15:43:25] main.INFO: Broken reference: the 'yotpo_bottomline' tries to reorder itself towards 'product.info.addto', but their parents are different: 'product.info.main' and '' respectively. [] []
[2020-10-26 15:43:25] main.ERROR: Missing required argument $adapters of Magento\Search\Model\AdapterFactory. [] []
[2020-10-26 15:45:43] main.DEBUG: cache_invalidate:  {"method":"GET","url":"http:/","invalidateInfo":{"tags":["FPC"],"mode":"matchingTag"}} []
[2020-10-26 15:45:43] main.DEBUG: cache_invalidate:  {"method":"GET","url":"http:/","invalidateInfo":{"tags":["CONFIG"],"mode":"matchingTag"}} []
[2020-10-26 15:45:43] main.DEBUG: cache_invalidate:  {"method":"GET","url":"http:/","invalidateInfo":{"tags":["LAYOUT_GENERAL_CACHE_TAG"],"mode":"matchingTag"}} []
[2020-10-26 15:45:43] main.DEBUG: cache_invalidate:  {"method":"GET","url":"http:/","invalidateInfo":{"tags":["BLOCK_HTML"],"mode":"matchingTag"}} []
[2020-10-26 15:45:43] main.DEBUG: cache_invalidate:  {"method":"GET","url":"http:/","invalidateInfo":{"tags":["COLLECTION_DATA"],"mode":"matchingTag"}} []
[2020-10-26 15:45:43] main.DEBUG: cache_invalidate:  {"method":"GET","url":"http:/","invalidateInfo":{"tags":["REFLECTION"],"mode":"matchingTag"}} []
[2020-10-26 15:45:43] main.DEBUG: cache_invalidate:  {"method":"GET","url":"http:/","invalidateInfo":{"tags":["DB_DDL"],"mode":"matchingTag"}} []
[2020-10-26 15:45:43] main.DEBUG: cache_invalidate:  {"method":"GET","url":"http:/","invalidateInfo":{"tags":["COMPILED_CONFIG"],"mode":"matchingTag"}} []
[2020-10-26 15:45:43] main.DEBUG: cache_invalidate:  {"method":"GET","url":"http:/","invalidateInfo":{"tags":["EAV"],"mode":"matchingTag"}} []
[2020-10-26 15:45:43] main.DEBUG: cache_invalidate:  {"method":"GET","url":"http:/","invalidateInfo":{"tags":["CUSTOMER_NOTIFICATION"],"mode":"matchingTag"}} []
[2020-10-26 15:45:43] main.DEBUG: cache_invalidate:  {"method":"GET","url":"http:/","invalidateInfo":{"tags":["INTEGRATION"],"mode":"matchingTag"}} []
[2020-10-26 15:45:43] main.DEBUG: cache_invalidate:  {"method":"GET","url":"http:/","invalidateInfo":{"tags":["INTEGRATION_API_CONFIG"],"mode":"matchingTag"}} []
[2020-10-26 15:45:43] main.DEBUG: cache_invalidate:  {"method":"GET","url":"http:/","invalidateInfo":{"tags":["FPC"],"mode":"matchingTag"}} []
[2020-10-26 15:45:43] main.DEBUG: cache_invalidate:  {"method":"GET","url":"http:/","invalidateInfo":{"tags":["WEBSERVICE"],"mode":"matchingTag"}} []
[2020-10-26 15:45:43] main.DEBUG: cache_invalidate:  {"method":"GET","url":"http:/","invalidateInfo":{"tags":["TRANSLATE"],"mode":"matchingTag"}} []
[2020-10-26 15:45:43] main.DEBUG: cache_invalidate:  {"method":"GET","url":"http:/","invalidateInfo":{"tags":["VERTEX"],"mode":"matchingTag"}} []
[2020-10-26 15:45:53] main.INFO: Broken reference: the 'catalog.compare.sidebar' element cannot be added as child to 'sidebar.additional', because the latter doesn't exist [] []
[2020-10-26 15:45:53] main.INFO: Broken reference: the 'sale.reorder.sidebar' element cannot be added as child to 'sidebar.additional', because the latter doesn't exist [] []
[2020-10-26 15:45:53] main.INFO: Broken reference: the 'wishlist_sidebar' element cannot be added as child to 'sidebar.additional', because the latter doesn't exist [] []
[2020-10-26 15:45:53] main.INFO: Broken reference: the 'yotpo_bottomline' element cannot be added as child to 'product.info.main', because the latter doesn't exist [] []
[2020-10-26 15:45:53] main.INFO: Broken reference: the 'yotpo_bottomline' tries to reorder itself towards 'product.info.addto', but their parents are different: 'product.info.main' and '' respectively. [] []
[2020-10-26 15:47:21] main.INFO: Broken reference: the 'catalog.compare.sidebar' element cannot be added as child to 'sidebar.additional', because the latter doesn't exist [] []
[2020-10-26 15:47:21] main.INFO: Broken reference: the 'sale.reorder.sidebar' element cannot be added as child to 'sidebar.additional', because the latter doesn't exist [] []
[2020-10-26 15:47:21] main.INFO: Broken reference: the 'wishlist_sidebar' element cannot be added as child to 'sidebar.additional', because the latter doesn't exist [] []
[2020-10-26 15:47:21] main.INFO: Broken reference: the 'marketplace-top-link' element cannot be added as child to 'header.links', because the latter doesn't exist [] []
[2020-10-26 15:47:21] main.INFO: Broken reference: the 'marketplace-account-switch-link' element cannot be added as child to 'header.links', because the latter doesn't exist [] []
[2020-10-26 15:47:21] main.INFO: Broken reference: the 'yotpo_bottomline' element cannot be added as child to 'product.info.main', because the latter doesn't exist [] []
[2020-10-26 15:47:21] main.INFO: Broken reference: the 'paypal.partner.right.logo' element cannot be added as child to 'sidebar.additional', because the latter doesn't exist [] []
[2020-10-26 15:47:21] main.INFO: Broken reference: the 'bml.right.logo' element cannot be added as child to 'sidebar.additional', because the latter doesn't exist [] []
[2020-10-26 15:47:21] main.INFO: Broken reference: the 'yotpo_bottomline' tries to reorder itself towards 'product.info.addto', but their parents are different: 'product.info.main' and '' respectively. [] []
[2020-10-26 15:49:27] main.INFO: Broken reference: the 'yotpo_bottomline' element cannot be added as child to 'product.info.main', because the latter doesn't exist [] []
[2020-10-26 15:49:27] main.INFO: Broken reference: the 'yotpo_bottomline' tries to reorder itself towards 'product.info.addto', but their parents are different: 'product.info.main' and '' respectively. [] []
[2020-10-26 15:55:06] main.INFO: Broken reference: the 'catalog.compare.sidebar' element cannot be added as child to 'sidebar.additional', because the latter doesn't exist [] []
[2020-10-26 15:55:06] main.INFO: Broken reference: the 'sale.reorder.sidebar' element cannot be added as child to 'sidebar.additional', because the latter doesn't exist [] []
[2020-10-26 15:55:06] main.INFO: Broken reference: the 'wishlist_sidebar' element cannot be added as child to 'sidebar.additional', because the latter doesn't exist [] []
[2020-10-26 15:55:06] main.INFO: Broken reference: the 'yotpo_bottomline' element cannot be added as child to 'product.info.main', because the latter doesn't exist [] []
[2020-10-26 15:55:06] main.INFO: Broken reference: the 'yotpo_bottomline' tries to reorder itself towards 'product.info.addto', but their parents are different: 'product.info.main' and '' respectively. [] []
[2020-10-26 15:55:06] main.ERROR: Missing required argument $adapters of Magento\Search\Model\AdapterFactory. [] []
[2020-10-26 15:56:39] main.INFO: Broken reference: the 'yotpo_bottomline' element cannot be added as child to 'product.info.main', because the latter doesn't exist [] []
[2020-10-26 15:56:39] main.INFO: Broken reference: the 'yotpo_bottomline' tries to reorder itself towards 'product.info.addto', but their parents are different: 'product.info.main' and '' respectively. [] []
[2020-10-26 16:39:22] main.DEBUG: cache_invalidate:  {"method":"GET","url":"http:/","invalidateInfo":{"tags":["CONFIG"],"mode":"matchingTag"}} []
[2020-10-26 16:39:22] main.DEBUG: cache_invalidate:  {"method":"GET","url":"http:/","invalidateInfo":{"tags":["LAYOUT_GENERAL_CACHE_TAG"],"mode":"matchingTag"}} []
[2020-10-26 16:39:22] main.DEBUG: cache_invalidate:  {"method":"GET","url":"http:/","invalidateInfo":{"tags":["BLOCK_HTML"],"mode":"matchingTag"}} []
[2020-10-26 16:39:22] main.DEBUG: cache_invalidate:  {"method":"GET","url":"http:/","invalidateInfo":{"tags":["COLLECTION_DATA"],"mode":"matchingTag"}} []
[2020-10-26 16:39:22] main.DEBUG: cache_invalidate:  {"method":"GET","url":"http:/","invalidateInfo":{"tags":["REFLECTION"],"mode":"matchingTag"}} []
[2020-10-26 16:39:22] main.DEBUG: cache_invalidate:  {"method":"GET","url":"http:/","invalidateInfo":{"tags":["DB_DDL"],"mode":"matchingTag"}} []
[2020-10-26 16:39:22] main.DEBUG: cache_invalidate:  {"method":"GET","url":"http:/","invalidateInfo":{"tags":["COMPILED_CONFIG"],"mode":"matchingTag"}} []
[2020-10-26 16:39:22] main.DEBUG: cache_invalidate:  {"method":"GET","url":"http:/","invalidateInfo":{"tags":["EAV"],"mode":"matchingTag"}} []
[2020-10-26 16:39:22] main.DEBUG: cache_invalidate:  {"method":"GET","url":"http:/","invalidateInfo":{"tags":["CUSTOMER_NOTIFICATION"],"mode":"matchingTag"}} []
[2020-10-26 16:39:22] main.DEBUG: cache_invalidate:  {"method":"GET","url":"http:/","invalidateInfo":{"tags":["INTEGRATION"],"mode":"matchingTag"}} []
[2020-10-26 16:39:22] main.DEBUG: cache_invalidate:  {"method":"GET","url":"http:/","invalidateInfo":{"tags":["INTEGRATION_API_CONFIG"],"mode":"matchingTag"}} []
[2020-10-26 16:39:22] main.DEBUG: cache_invalidate:  {"method":"GET","url":"http:/","invalidateInfo":{"tags":["FPC"],"mode":"matchingTag"}} []
[2020-10-26 16:39:22] main.DEBUG: cache_invalidate:  {"method":"GET","url":"http:/","invalidateInfo":{"tags":["WEBSERVICE"],"mode":"matchingTag"}} []
[2020-10-26 16:39:22] main.DEBUG: cache_invalidate:  {"method":"GET","url":"http:/","invalidateInfo":{"tags":["TRANSLATE"],"mode":"matchingTag"}} []
[2020-10-26 16:39:22] main.DEBUG: cache_invalidate:  {"method":"GET","url":"http:/","invalidateInfo":{"tags":["VERTEX"],"mode":"matchingTag"}} []
[2020-10-26 16:39:29] main.DEBUG: cache_invalidate:  {"method":"GET","url":"http:/","invalidateInfo":{"tags":["CONFIG"],"mode":"matchingTag"}} []
[2020-10-26 16:39:30] main.DEBUG: cache_invalidate:  {"method":"GET","url":"http:/","invalidateInfo":{"tags":["CONFIG"],"mode":"matchingTag"}} []
[2020-10-26 16:39:30] main.DEBUG: cache_invalidate:  {"method":"GET","url":"http:/","invalidateInfo":{"tags":["LAYOUT_GENERAL_CACHE_TAG"],"mode":"matchingTag"}} []
[2020-10-26 16:39:30] main.DEBUG: cache_invalidate:  {"method":"GET","url":"http:/","invalidateInfo":{"tags":["BLOCK_HTML"],"mode":"matchingTag"}} []
[2020-10-26 16:39:30] main.DEBUG: cache_invalidate:  {"method":"GET","url":"http:/","invalidateInfo":{"tags":["COLLECTION_DATA"],"mode":"matchingTag"}} []
[2020-10-26 16:39:30] main.DEBUG: cache_invalidate:  {"method":"GET","url":"http:/","invalidateInfo":{"tags":["REFLECTION"],"mode":"matchingTag"}} []
[2020-10-26 16:39:30] main.DEBUG: cache_invalidate:  {"method":"GET","url":"http:/","invalidateInfo":{"tags":["DB_DDL"],"mode":"matchingTag"}} []
[2020-10-26 16:39:30] main.DEBUG: cache_invalidate:  {"method":"GET","url":"http:/","invalidateInfo":{"tags":["COMPILED_CONFIG"],"mode":"matchingTag"}} []
[2020-10-26 16:39:30] main.DEBUG: cache_invalidate:  {"method":"GET","url":"http:/","invalidateInfo":{"tags":["EAV"],"mode":"matchingTag"}} []
[2020-10-26 16:39:30] main.DEBUG: cache_invalidate:  {"method":"GET","url":"http:/","invalidateInfo":{"tags":["CUSTOMER_NOTIFICATION"],"mode":"matchingTag"}} []
[2020-10-26 16:39:30] main.DEBUG: cache_invalidate:  {"method":"GET","url":"http:/","invalidateInfo":{"tags":["INTEGRATION"],"mode":"matchingTag"}} []
[2020-10-26 16:39:30] main.DEBUG: cache_invalidate:  {"method":"GET","url":"http:/","invalidateInfo":{"tags":["INTEGRATION_API_CONFIG"],"mode":"matchingTag"}} []
[2020-10-26 16:39:30] main.DEBUG: cache_invalidate:  {"method":"GET","url":"http:/","invalidateInfo":{"tags":["FPC"],"mode":"matchingTag"}} []
[2020-10-26 16:39:30] main.DEBUG: cache_invalidate:  {"method":"GET","url":"http:/","invalidateInfo":{"tags":["WEBSERVICE"],"mode":"matchingTag"}} []
[2020-10-26 16:39:30] main.DEBUG: cache_invalidate:  {"method":"GET","url":"http:/","invalidateInfo":{"tags":["TRANSLATE"],"mode":"matchingTag"}} []
[2020-10-26 16:39:30] main.DEBUG: cache_invalidate:  {"method":"GET","url":"http:/","invalidateInfo":{"tags":["VERTEX"],"mode":"matchingTag"}} []
[2020-10-26 16:39:33] main.DEBUG: cache_invalidate:  {"method":"GET","url":"http:/","invalidateInfo":{"identifier":"DB_PDO_MYSQL_DDL_design_config_grid_flat_1"}} []
[2020-10-26 16:39:33] main.DEBUG: cache_invalidate:  {"method":"GET","url":"http:/","invalidateInfo":{"identifier":"DB_PDO_MYSQL_DDL_design_config_grid_flat_2"}} []
[2020-10-26 16:39:33] main.DEBUG: cache_invalidate:  {"method":"GET","url":"http:/","invalidateInfo":{"identifier":"DB_PDO_MYSQL_DDL_design_config_grid_flat_3"}} []
[2020-10-26 16:39:33] main.DEBUG: cache_invalidate:  {"method":"GET","url":"http:/","invalidateInfo":{"identifier":"DB_PDO_MYSQL_DDL_design_config_grid_flat_4"}} []
[2020-10-26 16:39:33] main.DEBUG: cache_invalidate:  {"method":"GET","url":"http:/","invalidateInfo":{"identifier":"DB_PDO_MYSQL_DDL_design_config_grid_flat_1"}} []
[2020-10-26 16:39:33] main.DEBUG: cache_invalidate:  {"method":"GET","url":"http:/","invalidateInfo":{"identifier":"DB_PDO_MYSQL_DDL_design_config_grid_flat_2"}} []
[2020-10-26 16:39:33] main.DEBUG: cache_invalidate:  {"method":"GET","url":"http:/","invalidateInfo":{"identifier":"DB_PDO_MYSQL_DDL_design_config_grid_flat_3"}} []
[2020-10-26 16:39:33] main.DEBUG: cache_invalidate:  {"method":"GET","url":"http:/","invalidateInfo":{"identifier":"DB_PDO_MYSQL_DDL_design_config_grid_flat_4"}} []
[2020-10-26 16:39:37] main.DEBUG: cache_invalidate:  {"method":"GET","url":"http:/","invalidateInfo":{"tags":["LAYOUT_GENERAL_CACHE_TAG"],"mode":"matchingTag"}} []
[2020-10-26 16:39:37] main.DEBUG: cache_invalidate:  {"method":"GET","url":"http:/","invalidateInfo":{"tags":["BLOCK_HTML"],"mode":"matchingTag"}} []
[2020-10-26 16:39:37] main.DEBUG: cache_invalidate:  {"method":"GET","url":"http:/","invalidateInfo":{"tags":["FPC"],"mode":"matchingTag"}} []
[2020-10-26 16:39:49] main.DEBUG: cache_invalidate:  {"method":"GET","url":"http:/","invalidateInfo":{"tags":[],"mode":"all"}} []
[2020-10-26 16:39:49] main.DEBUG: cache_invalidate:  {"method":"GET","url":"http:/","invalidateInfo":{"tags":[],"mode":"all"}} []
[2020-10-26 16:49:10] main.CRITICAL: The specified "/var/www/magento2s/generated/code/Magento/Framework/App/Http/Interceptor.php.427720" file couldn't be written. Warning!file_put_contents(/var/www/magento2s/generated/code/Magento/Framework/App/Http/Interceptor.php.427720): failed to open stream: Permission denied
Class Magento\Framework\App\Http\Interceptor generation error: The requested class did not generate properly, because the 'generated' directory permission is read-only. If --- after running the 'bin/magento setup:di:compile' CLI command when the 'generated' directory permission is set to write --- the requested class did not generate properly, then you must add the generated class object to the signature of the related construct method, only. [] []
[2020-10-26 16:49:15] main.DEBUG: The specified "/var/www/magento2s/generated/code/Magento/Framework/App/Http/Interceptor.php.427720" file couldn't be written. Warning!file_put_contents(/var/www/magento2s/generated/code/Magento/Framework/App/Http/Interceptor.php.427720): failed to open stream: Permission denied
Class Magento\Framework\App\Http\Interceptor generation error: The requested class did not generate properly, because the 'generated' directory permission is read-only. If --- after running the 'bin/magento setup:di:compile' CLI command when the 'generated' directory permission is set to write --- the requested class did not generate properly, then you must add the generated class object to the signature of the related construct method, only. {"exception":"[object] (RuntimeException(code: 0): The specified \"/var/www/magento2s/generated/code/Magento/Framework/App/Http/Interceptor.php.427720\" file couldn't be written. Warning!file_put_contents(/var/www/magento2s/generated/code/Magento/Framework/App/Http/Interceptor.php.427720): failed to open stream: Permission denied
Class Magento\\Framework\\App\\Http\\Interceptor generation error: The requested class did not generate properly, because the 'generated' directory permission is read-only. If --- after running the 'bin/magento setup:di:compile' CLI command when the 'generated' directory permission is set to write --- the requested class did not generate properly, then you must add the generated class object to the signature of the related construct method, only. at /var/www/magento2s/vendor/magento/framework/Code/Generator.php:139)"} []
[2020-10-26 16:49:10] main.CRITICAL: The specified "/var/www/magento2s/generated/code/Magento/Framework/App/Http/Interceptor.php.427886" file couldn't be written. Warning!file_put_contents(/var/www/magento2s/generated/code/Magento/Framework/App/Http/Interceptor.php.427886): failed to open stream: Permission denied
Class Magento\Framework\App\Http\Interceptor generation error: The requested class did not generate properly, because the 'generated' directory permission is read-only. If --- after running the 'bin/magento setup:di:compile' CLI command when the 'generated' directory permission is set to write --- the requested class did not generate properly, then you must add the generated class object to the signature of the related construct method, only. [] []
[2020-10-26 16:49:15] main.DEBUG: The specified "/var/www/magento2s/generated/code/Magento/Framework/App/Http/Interceptor.php.427886" file couldn't be written. Warning!file_put_contents(/var/www/magento2s/generated/code/Magento/Framework/App/Http/Interceptor.php.427886): failed to open stream: Permission denied
Class Magento\Framework\App\Http\Interceptor generation error: The requested class did not generate properly, because the 'generated' directory permission is read-only. If --- after running the 'bin/magento setup:di:compile' CLI command when the 'generated' directory permission is set to write --- the requested class did not generate properly, then you must add the generated class object to the signature of the related construct method, only. {"exception":"[object] (RuntimeException(code: 0): The specified \"/var/www/magento2s/generated/code/Magento/Framework/App/Http/Interceptor.php.427886\" file couldn't be written. Warning!file_put_contents(/var/www/magento2s/generated/code/Magento/Framework/App/Http/Interceptor.php.427886): failed to open stream: Permission denied
Class Magento\\Framework\\App\\Http\\Interceptor generation error: The requested class did not generate properly, because the 'generated' directory permission is read-only. If --- after running the 'bin/magento setup:di:compile' CLI command when the 'generated' directory permission is set to write --- the requested class did not generate properly, then you must add the generated class object to the signature of the related construct method, only. at /var/www/magento2s/vendor/magento/framework/Code/Generator.php:139)"} []
[2020-10-26 16:49:12] main.CRITICAL: The specified "/var/www/magento2s/generated/code/Magento/Framework/App/Http/Interceptor.php.427917" file couldn't be written. Warning!file_put_contents(/var/www/magento2s/generated/code/Magento/Framework/App/Http/Interceptor.php.427917): failed to open stream: Permission denied
Class Magento\Framework\App\Http\Interceptor generation error: The requested class did not generate properly, because the 'generated' directory permission is read-only. If --- after running the 'bin/magento setup:di:compile' CLI command when the 'generated' directory permission is set to write --- the requested class did not generate properly, then you must add the generated class object to the signature of the related construct method, only. [] []
[2020-10-26 16:49:16] main.DEBUG: The specified "/var/www/magento2s/generated/code/Magento/Framework/App/Http/Interceptor.php.427917" file couldn't be written. Warning!file_put_contents(/var/www/magento2s/generated/code/Magento/Framework/App/Http/Interceptor.php.427917): failed to open stream: Permission denied
Class Magento\Framework\App\Http\Interceptor generation error: The requested class did not generate properly, because the 'generated' directory permission is read-only. If --- after running the 'bin/magento setup:di:compile' CLI command when the 'generated' directory permission is set to write --- the requested class did not generate properly, then you must add the generated class object to the signature of the related construct method, only. {"exception":"[object] (RuntimeException(code: 0): The specified \"/var/www/magento2s/generated/code/Magento/Framework/App/Http/Interceptor.php.427917\" file couldn't be written. Warning!file_put_contents(/var/www/magento2s/generated/code/Magento/Framework/App/Http/Interceptor.php.427917): failed to open stream: Permission denied
Class Magento\\Framework\\App\\Http\\Interceptor generation error: The requested class did not generate properly, because the 'generated' directory permission is read-only. If --- after running the 'bin/magento setup:di:compile' CLI command when the 'generated' directory permission is set to write --- the requested class did not generate properly, then you must add the generated class object to the signature of the related construct method, only. at /var/www/magento2s/vendor/magento/framework/Code/Generator.php:139)"} []
