[2020-10-26 14:51:07] main.INFO: Broken reference: the 'skip_to_content.target' element cannot be added as child to 'main.content', because the latter doesn't exist [] []
[2020-10-26 14:51:07] main.INFO: Broken reference: the 'header.panel.wrapper' element cannot be added as child to 'header.container', because the latter doesn't exist [] []
[2020-10-26 14:51:07] main.INFO: Broken reference: the 'header-wrapper' element cannot be added as child to 'header.container', because the latter doesn't exist [] []
[2020-10-26 14:51:07] main.INFO: Broken reference: the 'navigation.sections' element cannot be added as child to 'page.top', because the latter doesn't exist [] []
[2020-10-26 14:51:07] main.INFO: Broken reference: the 'top.container' element cannot be added as child to 'page.top', because the latter doesn't exist [] []
[2020-10-26 14:51:07] main.INFO: Broken reference: the 'breadcrumbs' element cannot be added as child to 'page.top', because the latter doesn't exist [] []
[2020-10-26 14:51:07] main.INFO: Broken reference: the 'page.main.title' element cannot be added as child to 'columns.top', because the latter doesn't exist [] []
[2020-10-26 14:51:07] main.INFO: Broken reference: the 'page.messages' element cannot be added as child to 'columns.top', because the latter doesn't exist [] []
[2020-10-26 14:51:07] main.INFO: Broken reference: the 'content.top' element cannot be added as child to 'main', because the latter doesn't exist [] []
[2020-10-26 14:51:07] main.INFO: Broken reference: the 'content' element cannot be added as child to 'main', because the latter doesn't exist [] []
[2020-10-26 14:51:07] main.INFO: Broken reference: the 'content.aside' element cannot be added as child to 'main', because the latter doesn't exist [] []
[2020-10-26 14:51:07] main.INFO: Broken reference: the 'content.bottom' element cannot be added as child to 'main', because the latter doesn't exist [] []
[2020-10-26 14:51:07] main.INFO: Broken reference: the 'page.bottom' element cannot be added as child to 'page.bottom.container', because the latter doesn't exist [] []
[2020-10-26 14:51:07] main.INFO: Broken reference: the 'footer' element cannot be added as child to 'footer-container', because the latter doesn't exist [] []
[2020-10-26 14:51:07] main.INFO: Broken reference: the 'catalog.compare.sidebar' element cannot be added as child to 'sidebar.additional', because the latter doesn't exist [] []
[2020-10-26 14:51:07] main.INFO: Broken reference: the 'sale.reorder.sidebar' element cannot be added as child to 'sidebar.additional', because the latter doesn't exist [] []
[2020-10-26 14:51:07] main.INFO: Broken reference: the 'wishlist_sidebar' element cannot be added as child to 'sidebar.additional', because the latter doesn't exist [] []
[2020-10-26 14:51:07] main.INFO: Broken reference: the 'yotpo_bottomline' element cannot be added as child to 'product.info.main', because the latter doesn't exist [] []
[2020-10-26 14:51:07] main.INFO: Broken reference: the 'sidebar.main.account_nav' element cannot be added as child to 'sidebar.main', because the latter doesn't exist [] []
[2020-10-26 14:51:07] main.INFO: Broken reference: the 'seller_account_navigation' element cannot be added as child to 'sidebar.main', because the latter doesn't exist [] []
[2020-10-26 14:51:07] main.INFO: Broken reference: the 'seller.header' tries to reorder itself towards 'seller.notifications', but their parents are different: 'seller.page.wrapper' and 'seller.header' respectively. [] []
[2020-10-26 14:51:07] main.INFO: Broken reference: the 'seller.page.menu' tries to reorder itself towards 'header', but their parents are different: 'seller.page.wrapper' and 'top.links' respectively. [] []
[2020-10-26 14:51:07] main.INFO: Broken reference: the 'skip_to_content.target' tries to reorder itself towards '', but their parents are different: 'main.content' and '' respectively. [] []
[2020-10-26 14:51:07] main.INFO: Broken reference: the 'header.panel.wrapper' tries to reorder itself towards '', but their parents are different: 'header.container' and '' respectively. [] []
[2020-10-26 14:51:07] main.INFO: Broken reference: the 'navigation.sections' tries to reorder itself towards '', but their parents are different: 'page.top' and '' respectively. [] []
[2020-10-26 14:51:07] main.INFO: Broken reference: the 'yotpo_bottomline' tries to reorder itself towards 'product.info.addto', but their parents are different: 'product.info.main' and '' respectively. [] []
[2020-10-26 14:51:07] main.INFO: Broken reference: the 'sidebar.main.account_nav' tries to reorder itself towards '', but their parents are different: 'sidebar.main' and '' respectively. [] []
[2020-10-26 14:51:07] main.INFO: Broken reference: the 'seller_account_navigation' tries to reorder itself towards '', but their parents are different: 'sidebar.main' and '' respectively. [] []
[2020-10-26 14:51:09] main.ERROR: Braintree\Configuration::merchantId needs to be set (or accessToken needs to be passed to Braintree\Gateway). [] []
[2020-10-26 14:51:40] main.INFO: Broken reference: the 'skip_to_content.target' element cannot be added as child to 'main.content', because the latter doesn't exist [] []
[2020-10-26 14:51:40] main.INFO: Broken reference: the 'header.panel.wrapper' element cannot be added as child to 'header.container', because the latter doesn't exist [] []
[2020-10-26 14:51:40] main.INFO: Broken reference: the 'header-wrapper' element cannot be added as child to 'header.container', because the latter doesn't exist [] []
[2020-10-26 14:51:40] main.INFO: Broken reference: the 'navigation.sections' element cannot be added as child to 'page.top', because the latter doesn't exist [] []
[2020-10-26 14:51:40] main.INFO: Broken reference: the 'top.container' element cannot be added as child to 'page.top', because the latter doesn't exist [] []
[2020-10-26 14:51:40] main.INFO: Broken reference: the 'breadcrumbs' element cannot be added as child to 'page.top', because the latter doesn't exist [] []
[2020-10-26 14:51:40] main.INFO: Broken reference: the 'page.main.title' element cannot be added as child to 'columns.top', because the latter doesn't exist [] []
[2020-10-26 14:51:40] main.INFO: Broken reference: the 'page.messages' element cannot be added as child to 'columns.top', because the latter doesn't exist [] []
[2020-10-26 14:51:40] main.INFO: Broken reference: the 'content.top' element cannot be added as child to 'main', because the latter doesn't exist [] []
[2020-10-26 14:51:40] main.INFO: Broken reference: the 'content' element cannot be added as child to 'main', because the latter doesn't exist [] []
[2020-10-26 14:51:40] main.INFO: Broken reference: the 'content.aside' element cannot be added as child to 'main', because the latter doesn't exist [] []
[2020-10-26 14:51:40] main.INFO: Broken reference: the 'content.bottom' element cannot be added as child to 'main', because the latter doesn't exist [] []
[2020-10-26 14:51:40] main.INFO: Broken reference: the 'page.bottom' element cannot be added as child to 'page.bottom.container', because the latter doesn't exist [] []
[2020-10-26 14:51:40] main.INFO: Broken reference: the 'footer' element cannot be added as child to 'footer-container', because the latter doesn't exist [] []
[2020-10-26 14:51:40] main.INFO: Broken reference: the 'catalog.compare.sidebar' element cannot be added as child to 'sidebar.additional', because the latter doesn't exist [] []
[2020-10-26 14:51:40] main.INFO: Broken reference: the 'sale.reorder.sidebar' element cannot be added as child to 'sidebar.additional', because the latter doesn't exist [] []
[2020-10-26 14:51:40] main.INFO: Broken reference: the 'wishlist_sidebar' element cannot be added as child to 'sidebar.additional', because the latter doesn't exist [] []
[2020-10-26 14:51:40] main.INFO: Broken reference: the 'yotpo_bottomline' element cannot be added as child to 'product.info.main', because the latter doesn't exist [] []
[2020-10-26 14:51:40] main.INFO: Broken reference: the 'sidebar.main.account_nav' element cannot be added as child to 'sidebar.main', because the latter doesn't exist [] []
[2020-10-26 14:51:40] main.INFO: Broken reference: the 'seller_account_navigation' element cannot be added as child to 'sidebar.main', because the latter doesn't exist [] []
[2020-10-26 14:51:40] main.INFO: Broken reference: the 'seller.header' tries to reorder itself towards 'seller.notifications', but their parents are different: 'seller.page.wrapper' and 'seller.header' respectively. [] []
[2020-10-26 14:51:40] main.INFO: Broken reference: the 'seller.page.menu' tries to reorder itself towards 'header', but their parents are different: 'seller.page.wrapper' and 'top.links' respectively. [] []
[2020-10-26 14:51:40] main.INFO: Broken reference: the 'skip_to_content.target' tries to reorder itself towards '', but their parents are different: 'main.content' and '' respectively. [] []
[2020-10-26 14:51:40] main.INFO: Broken reference: the 'header.panel.wrapper' tries to reorder itself towards '', but their parents are different: 'header.container' and '' respectively. [] []
[2020-10-26 14:51:40] main.INFO: Broken reference: the 'navigation.sections' tries to reorder itself towards '', but their parents are different: 'page.top' and '' respectively. [] []
[2020-10-26 14:51:40] main.INFO: Broken reference: the 'yotpo_bottomline' tries to reorder itself towards 'product.info.addto', but their parents are different: 'product.info.main' and '' respectively. [] []
[2020-10-26 14:51:40] main.INFO: Broken reference: the 'sidebar.main.account_nav' tries to reorder itself towards '', but their parents are different: 'sidebar.main' and '' respectively. [] []
[2020-10-26 14:51:40] main.INFO: Broken reference: the 'seller_account_navigation' tries to reorder itself towards '', but their parents are different: 'sidebar.main' and '' respectively. [] []
[2020-10-26 14:51:48] main.INFO: Broken reference: the 'yotpo_bottomline' element cannot be added as child to 'product.info.main', because the latter doesn't exist [] []
[2020-10-26 14:51:48] main.INFO: Broken reference: the 'yotpo_bottomline' tries to reorder itself towards 'product.info.addto', but their parents are different: 'product.info.main' and '' respectively. [] []
[2020-10-26 14:51:51] main.INFO: Broken reference: the 'catalog.compare.sidebar' element cannot be added as child to 'sidebar.additional', because the latter doesn't exist [] []
[2020-10-26 14:51:51] main.INFO: Broken reference: the 'sale.reorder.sidebar' element cannot be added as child to 'sidebar.additional', because the latter doesn't exist [] []
[2020-10-26 14:51:51] main.INFO: Broken reference: the 'wishlist_sidebar' element cannot be added as child to 'sidebar.additional', because the latter doesn't exist [] []
[2020-10-26 14:51:51] main.INFO: Broken reference: the 'yotpo_bottomline' element cannot be added as child to 'product.info.main', because the latter doesn't exist [] []
[2020-10-26 14:51:51] main.INFO: Broken reference: the 'yotpo_bottomline' tries to reorder itself towards 'product.info.addto', but their parents are different: 'product.info.main' and '' respectively. [] []
[2020-10-26 14:51:52] main.INFO: Broken reference: the 'yotpo_bottomline' element cannot be added as child to 'product.info.main', because the latter doesn't exist [] []
[2020-10-26 14:51:52] main.INFO: Broken reference: the 'yotpo_bottomline' tries to reorder itself towards 'product.info.addto', but their parents are different: 'product.info.main' and '' respectively. [] []
[2020-10-26 14:51:54] main.INFO: Broken reference: the 'catalog.compare.sidebar' element cannot be added as child to 'sidebar.additional', because the latter doesn't exist [] []
[2020-10-26 14:51:54] main.INFO: Broken reference: the 'sale.reorder.sidebar' element cannot be added as child to 'sidebar.additional', because the latter doesn't exist [] []
[2020-10-26 14:51:54] main.INFO: Broken reference: the 'wishlist_sidebar' element cannot be added as child to 'sidebar.additional', because the latter doesn't exist [] []
[2020-10-26 14:51:54] main.INFO: Broken reference: the 'yotpo_bottomline' element cannot be added as child to 'product.info.main', because the latter doesn't exist [] []
[2020-10-26 14:51:54] main.INFO: Broken reference: the 'yotpo_bottomline' tries to reorder itself towards 'product.info.addto', but their parents are different: 'product.info.main' and '' respectively. [] []
[2020-10-26 14:51:55] main.ERROR: Missing required argument $adapters of Magento\Search\Model\AdapterFactory. [] []
[2020-10-26 14:51:55] main.INFO: Broken reference: the 'yotpo_bottomline' element cannot be added as child to 'product.info.main', because the latter doesn't exist [] []
[2020-10-26 14:51:55] main.INFO: Broken reference: the 'yotpo_bottomline' tries to reorder itself towards 'product.info.addto', but their parents are different: 'product.info.main' and '' respectively. [] []
[2020-10-26 14:54:37] main.INFO: Broken reference: the 'catalog.compare.sidebar' element cannot be added as child to 'sidebar.additional', because the latter doesn't exist [] []
[2020-10-26 14:54:37] main.INFO: Broken reference: the 'sale.reorder.sidebar' element cannot be added as child to 'sidebar.additional', because the latter doesn't exist [] []
[2020-10-26 14:54:37] main.INFO: Broken reference: the 'wishlist_sidebar' element cannot be added as child to 'sidebar.additional', because the latter doesn't exist [] []
[2020-10-26 14:54:37] main.INFO: Broken reference: the 'yotpo_bottomline' element cannot be added as child to 'product.info.main', because the latter doesn't exist [] []
[2020-10-26 14:54:37] main.INFO: Broken reference: the 'yotpo_bottomline' tries to reorder itself towards 'product.info.addto', but their parents are different: 'product.info.main' and '' respectively. [] []
[2020-10-26 14:54:37] main.ERROR: Missing required argument $adapters of Magento\Search\Model\AdapterFactory. [] []
[2020-10-26 14:55:21] main.INFO: Broken reference: the 'catalog.compare.sidebar' element cannot be added as child to 'sidebar.additional', because the latter doesn't exist [] []
[2020-10-26 14:55:21] main.INFO: Broken reference: the 'sale.reorder.sidebar' element cannot be added as child to 'sidebar.additional', because the latter doesn't exist [] []
[2020-10-26 14:55:21] main.INFO: Broken reference: the 'wishlist_sidebar' element cannot be added as child to 'sidebar.additional', because the latter doesn't exist [] []
[2020-10-26 14:55:21] main.INFO: Broken reference: the 'yotpo_bottomline' element cannot be added as child to 'product.info.main', because the latter doesn't exist [] []
[2020-10-26 14:55:21] main.INFO: Broken reference: the 'yotpo_bottomline' tries to reorder itself towards 'product.info.addto', but their parents are different: 'product.info.main' and '' respectively. [] []
[2020-10-26 14:55:21] main.ERROR: Missing required argument $adapters of Magento\Search\Model\AdapterFactory. [] []
[2020-10-26 14:59:04] main.INFO: Broken reference: the 'yotpo_bottomline' element cannot be added as child to 'product.info.main', because the latter doesn't exist [] []
[2020-10-26 14:59:04] main.INFO: Broken reference: the 'yotpo_bottomline' tries to reorder itself towards 'product.info.addto', but their parents are different: 'product.info.main' and '' respectively. [] []
[2020-10-26 15:05:13] main.INFO: Broken reference: the 'catalog.compare.sidebar' element cannot be added as child to 'sidebar.additional', because the latter doesn't exist [] []
[2020-10-26 15:05:13] main.INFO: Broken reference: the 'sale.reorder.sidebar' element cannot be added as child to 'sidebar.additional', because the latter doesn't exist [] []
[2020-10-26 15:05:13] main.INFO: Broken reference: the 'wishlist_sidebar' element cannot be added as child to 'sidebar.additional', because the latter doesn't exist [] []
[2020-10-26 15:05:13] main.INFO: Broken reference: the 'yotpo_bottomline' element cannot be added as child to 'product.info.main', because the latter doesn't exist [] []
[2020-10-26 15:05:13] main.INFO: Broken reference: the 'yotpo_bottomline' tries to reorder itself towards 'product.info.addto', but their parents are different: 'product.info.main' and '' respectively. [] []
[2020-10-26 15:05:13] main.ERROR: Missing required argument $adapters of Magento\Search\Model\AdapterFactory. [] []
[2020-10-26 15:06:19] main.INFO: Broken reference: the 'yotpo_bottomline' element cannot be added as child to 'product.info.main', because the latter doesn't exist [] []
[2020-10-26 15:06:19] main.INFO: Broken reference: the 'yotpo_bottomline' tries to reorder itself towards 'product.info.addto', but their parents are different: 'product.info.main' and '' respectively. [] []
[2020-10-26 15:13:27] main.INFO: Broken reference: the 'yotpo_bottomline' element cannot be added as child to 'product.info.main', because the latter doesn't exist [] []
[2020-10-26 15:13:27] main.INFO: Broken reference: the 'yotpo_bottomline' tries to reorder itself towards 'product.info.addto', but their parents are different: 'product.info.main' and '' respectively. [] []
[2020-10-26 15:20:39] main.INFO: Broken reference: the 'yotpo_bottomline' element cannot be added as child to 'product.info.main', because the latter doesn't exist [] []
[2020-10-26 15:20:39] main.INFO: Broken reference: the 'yotpo_bottomline' tries to reorder itself towards 'product.info.addto', but their parents are different: 'product.info.main' and '' respectively. [] []
[2020-10-26 15:21:57] main.INFO: Broken reference: the 'catalog.compare.sidebar' element cannot be added as child to 'sidebar.additional', because the latter doesn't exist [] []
[2020-10-26 15:21:57] main.INFO: Broken reference: the 'sale.reorder.sidebar' element cannot be added as child to 'sidebar.additional', because the latter doesn't exist [] []
[2020-10-26 15:21:57] main.INFO: Broken reference: the 'wishlist_sidebar' element cannot be added as child to 'sidebar.additional', because the latter doesn't exist [] []
[2020-10-26 15:21:57] main.INFO: Broken reference: the 'marketplace-top-link' element cannot be added as child to 'header.links', because the latter doesn't exist [] []
[2020-10-26 15:21:57] main.INFO: Broken reference: the 'marketplace-account-switch-link' element cannot be added as child to 'header.links', because the latter doesn't exist [] []
[2020-10-26 15:21:57] main.INFO: Broken reference: the 'yotpo_bottomline' element cannot be added as child to 'product.info.main', because the latter doesn't exist [] []
[2020-10-26 15:21:57] main.INFO: Broken reference: the 'paypal.partner.right.logo' element cannot be added as child to 'sidebar.additional', because the latter doesn't exist [] []
[2020-10-26 15:21:57] main.INFO: Broken reference: the 'bml.right.logo' element cannot be added as child to 'sidebar.additional', because the latter doesn't exist [] []
[2020-10-26 15:21:57] main.INFO: Broken reference: the 'yotpo_bottomline' tries to reorder itself towards 'product.info.addto', but their parents are different: 'product.info.main' and '' respectively. [] []
[2020-10-26 15:22:14] main.INFO: Broken reference: the 'catalog.compare.sidebar' element cannot be added as child to 'sidebar.additional', because the latter doesn't exist [] []
[2020-10-26 15:22:14] main.INFO: Broken reference: the 'sale.reorder.sidebar' element cannot be added as child to 'sidebar.additional', because the latter doesn't exist [] []
[2020-10-26 15:22:14] main.INFO: Broken reference: the 'wishlist_sidebar' element cannot be added as child to 'sidebar.additional', because the latter doesn't exist [] []
[2020-10-26 15:22:14] main.INFO: Broken reference: the 'yotpo_bottomline' element cannot be added as child to 'product.info.main', because the latter doesn't exist [] []
[2020-10-26 15:22:14] main.INFO: Broken reference: the 'yotpo_bottomline' tries to reorder itself towards 'product.info.addto', but their parents are different: 'product.info.main' and '' respectively. [] []
[2020-10-26 15:22:17] main.INFO: Broken reference: the 'catalog.compare.sidebar' element cannot be added as child to 'sidebar.additional', because the latter doesn't exist [] []
[2020-10-26 15:22:17] main.INFO: Broken reference: the 'sale.reorder.sidebar' element cannot be added as child to 'sidebar.additional', because the latter doesn't exist [] []
[2020-10-26 15:22:17] main.INFO: Broken reference: the 'wishlist_sidebar' element cannot be added as child to 'sidebar.additional', because the latter doesn't exist [] []
[2020-10-26 15:22:17] main.INFO: Broken reference: the 'yotpo_bottomline' element cannot be added as child to 'product.info.main', because the latter doesn't exist [] []
[2020-10-26 15:22:17] main.INFO: Broken reference: the 'yotpo_bottomline' tries to reorder itself towards 'product.info.addto', but their parents are different: 'product.info.main' and '' respectively. [] []
[2020-10-26 15:22:24] main.INFO: Broken reference: the 'catalog.compare.sidebar' element cannot be added as child to 'sidebar.additional', because the latter doesn't exist [] []
[2020-10-26 15:22:24] main.INFO: Broken reference: the 'sale.reorder.sidebar' element cannot be added as child to 'sidebar.additional', because the latter doesn't exist [] []
[2020-10-26 15:22:24] main.INFO: Broken reference: the 'wishlist_sidebar' element cannot be added as child to 'sidebar.additional', because the latter doesn't exist [] []
[2020-10-26 15:22:24] main.INFO: Broken reference: the 'yotpo_bottomline' element cannot be added as child to 'product.info.main', because the latter doesn't exist [] []
[2020-10-26 15:22:24] main.INFO: Broken reference: the 'yotpo_bottomline' tries to reorder itself towards 'product.info.addto', but their parents are different: 'product.info.main' and '' respectively. [] []
[2020-10-26 15:22:24] main.INFO: Broken reference: the 'catalog.compare.sidebar' element cannot be added as child to 'sidebar.additional', because the latter doesn't exist [] []
[2020-10-26 15:22:24] main.INFO: Broken reference: the 'sale.reorder.sidebar' element cannot be added as child to 'sidebar.additional', because the latter doesn't exist [] []
[2020-10-26 15:22:24] main.INFO: Broken reference: the 'wishlist_sidebar' element cannot be added as child to 'sidebar.additional', because the latter doesn't exist [] []
[2020-10-26 15:22:24] main.INFO: Broken reference: the 'yotpo_bottomline' element cannot be added as child to 'product.info.main', because the latter doesn't exist [] []
[2020-10-26 15:22:24] main.INFO: Broken reference: the 'yotpo_bottomline' tries to reorder itself towards 'product.info.addto', but their parents are different: 'product.info.main' and '' respectively. [] []
[2020-10-26 15:22:24] main.ERROR: Missing required argument $adapters of Magento\Search\Model\AdapterFactory. [] []
[2020-10-26 15:22:25] main.ERROR: Missing required argument $adapters of Magento\Search\Model\AdapterFactory. [] []
[2020-10-26 15:22:27] main.INFO: Broken reference: the 'catalog.compare.sidebar' element cannot be added as child to 'sidebar.additional', because the latter doesn't exist [] []
[2020-10-26 15:22:27] main.INFO: Broken reference: the 'sale.reorder.sidebar' element cannot be added as child to 'sidebar.additional', because the latter doesn't exist [] []
[2020-10-26 15:22:27] main.INFO: Broken reference: the 'wishlist_sidebar' element cannot be added as child to 'sidebar.additional', because the latter doesn't exist [] []
[2020-10-26 15:22:27] main.INFO: Broken reference: the 'yotpo_bottomline' element cannot be added as child to 'product.info.main', because the latter doesn't exist [] []
[2020-10-26 15:22:27] main.INFO: Broken reference: the 'yotpo_bottomline' tries to reorder itself towards 'product.info.addto', but their parents are different: 'product.info.main' and '' respectively. [] []
[2020-10-26 15:22:31] main.INFO: Broken reference: the 'catalog.compare.sidebar' element cannot be added as child to 'sidebar.additional', because the latter doesn't exist [] []
[2020-10-26 15:22:31] main.INFO: Broken reference: the 'sale.reorder.sidebar' element cannot be added as child to 'sidebar.additional', because the latter doesn't exist [] []
[2020-10-26 15:22:31] main.INFO: Broken reference: the 'wishlist_sidebar' element cannot be added as child to 'sidebar.additional', because the latter doesn't exist [] []
[2020-10-26 15:22:31] main.INFO: Broken reference: the 'yotpo_bottomline' tries to reorder itself towards 'product.info.addto', but their parents are different: 'product.info.main' and 'product.info.social' respectively. [] []
[2020-10-26 15:22:31] main.INFO: Broken reference: the 'skip_gallery_before' tries to reorder itself towards 'product.info.media.image', but their parents are different: 'skip_gallery_before.wrapper' and 'product.info.media' respectively. [] []
[2020-10-26 15:22:31] main.INFO: Broken reference: the 'skip_gallery_after' tries to reorder itself towards 'product.info.media.image', but their parents are different: 'skip_gallery_after.wrapper' and 'product.info.media' respectively. [] []
[2020-10-26 15:22:31] main.CRITICAL: Can't create directory /var/www/magento2s/generated/code/PayPal/Braintree/Model/ResourceModel/CreditPrice/.
Class PayPal\Braintree\Model\ResourceModel\CreditPrice\CollectionFactory generation error: The requested class did not generate properly, because the 'generated' directory permission is read-only. If --- after running the 'bin/magento setup:di:compile' CLI command when the 'generated' directory permission is set to write --- the requested class did not generate properly, then you must add the generated class object to the signature of the related construct method, only. [] []
[2020-10-26 15:22:31] main.CRITICAL: Impossible to process constructor argument Parameter #0 [ <required> PayPal\Braintree\Model\ResourceModel\CreditPrice\CollectionFactory $collectionFactory ] of PayPal\Braintree\Model\ResourceModel\CreditPriceRepository class [] []
[2020-10-26 15:22:32] main.INFO: Broken reference: the 'yotpo_bottomline' tries to reorder itself towards 'product.info.addto', but their parents are different: 'product.info.main' and 'product.info.social' respectively. [] []
[2020-10-26 15:22:32] main.INFO: Broken reference: the 'skip_gallery_before' tries to reorder itself towards 'product.info.media.image', but their parents are different: 'skip_gallery_before.wrapper' and 'product.info.media' respectively. [] []
[2020-10-26 15:22:32] main.INFO: Broken reference: the 'skip_gallery_after' tries to reorder itself towards 'product.info.media.image', but their parents are different: 'skip_gallery_after.wrapper' and 'product.info.media' respectively. [] []
[2020-10-26 15:22:32] main.CRITICAL: Can't create directory /var/www/magento2s/generated/code/PayPal/Braintree/Model/ResourceModel/CreditPrice/.
Class PayPal\Braintree\Model\ResourceModel\CreditPrice\CollectionFactory generation error: The requested class did not generate properly, because the 'generated' directory permission is read-only. If --- after running the 'bin/magento setup:di:compile' CLI command when the 'generated' directory permission is set to write --- the requested class did not generate properly, then you must add the generated class object to the signature of the related construct method, only. [] []
[2020-10-26 15:22:32] main.CRITICAL: Impossible to process constructor argument Parameter #0 [ <required> PayPal\Braintree\Model\ResourceModel\CreditPrice\CollectionFactory $collectionFactory ] of PayPal\Braintree\Model\ResourceModel\CreditPriceRepository class [] []
[2020-10-26 15:22:32] main.ERROR: Invalid block type: PayPal\Braintree\Block\Credit\Calculator\Product\View [] []
[2020-10-26 15:22:42] main.INFO: Broken reference: the 'catalog.compare.sidebar' element cannot be added as child to 'sidebar.additional', because the latter doesn't exist [] []
[2020-10-26 15:22:42] main.INFO: Broken reference: the 'sale.reorder.sidebar' element cannot be added as child to 'sidebar.additional', because the latter doesn't exist [] []
[2020-10-26 15:22:42] main.INFO: Broken reference: the 'wishlist_sidebar' element cannot be added as child to 'sidebar.additional', because the latter doesn't exist [] []
[2020-10-26 15:22:42] main.INFO: Broken reference: the 'yotpo_bottomline' element cannot be added as child to 'product.info.main', because the latter doesn't exist [] []
[2020-10-26 15:22:42] main.INFO: Broken reference: the 'yotpo_bottomline' tries to reorder itself towards 'product.info.addto', but their parents are different: 'product.info.main' and '' respectively. [] []
[2020-10-26 15:23:23] main.INFO: Broken reference: the 'catalog.compare.sidebar' element cannot be added as child to 'sidebar.additional', because the latter doesn't exist [] []
[2020-10-26 15:23:23] main.INFO: Broken reference: the 'sale.reorder.sidebar' element cannot be added as child to 'sidebar.additional', because the latter doesn't exist [] []
[2020-10-26 15:23:23] main.INFO: Broken reference: the 'wishlist_sidebar' element cannot be added as child to 'sidebar.additional', because the latter doesn't exist [] []
[2020-10-26 15:23:23] main.INFO: Broken reference: the 'yotpo_bottomline' element cannot be added as child to 'product.info.main', because the latter doesn't exist [] []
[2020-10-26 15:23:23] main.INFO: Broken reference: the 'yotpo_bottomline' tries to reorder itself towards 'product.info.addto', but their parents are different: 'product.info.main' and '' respectively. [] []
[2020-10-26 15:27:51] main.INFO: Broken reference: the 'yotpo_bottomline' element cannot be added as child to 'product.info.main', because the latter doesn't exist [] []
[2020-10-26 15:27:51] main.INFO: Broken reference: the 'yotpo_bottomline' tries to reorder itself towards 'product.info.addto', but their parents are different: 'product.info.main' and '' respectively. [] []
[2020-10-26 15:29:24] main.INFO: Broken reference: the 'catalog.compare.sidebar' element cannot be added as child to 'sidebar.additional', because the latter doesn't exist [] []
[2020-10-26 15:29:24] main.INFO: Broken reference: the 'sale.reorder.sidebar' element cannot be added as child to 'sidebar.additional', because the latter doesn't exist [] []
[2020-10-26 15:29:24] main.INFO: Broken reference: the 'wishlist_sidebar' element cannot be added as child to 'sidebar.additional', because the latter doesn't exist [] []
[2020-10-26 15:29:24] main.INFO: Broken reference: the 'yotpo_bottomline' element cannot be added as child to 'product.info.main', because the latter doesn't exist [] []
[2020-10-26 15:29:24] main.INFO: Broken reference: the 'yotpo_bottomline' tries to reorder itself towards 'product.info.addto', but their parents are different: 'product.info.main' and '' respectively. [] []
[2020-10-26 15:29:25] main.ERROR: Missing required argument $adapters of Magento\Search\Model\AdapterFactory. [] []
[2020-10-26 15:35:03] main.INFO: Broken reference: the 'yotpo_bottomline' element cannot be added as child to 'product.info.main', because the latter doesn't exist [] []
[2020-10-26 15:35:03] main.INFO: Broken reference: the 'yotpo_bottomline' tries to reorder itself towards 'product.info.addto', but their parents are different: 'product.info.main' and '' respectively. [] []
[2020-10-26 15:43:25] main.INFO: Broken reference: the 'catalog.compare.sidebar' element cannot be added as child to 'sidebar.additional', because the latter doesn't exist [] []
[2020-10-26 15:43:25] main.INFO: Broken reference: the 'sale.reorder.sidebar' element cannot be added as child to 'sidebar.additional', because the latter doesn't exist [] []
[2020-10-26 15:43:25] main.INFO: Broken reference: the 'wishlist_sidebar' element cannot be added as child to 'sidebar.additional', because the latter doesn't exist [] []
[2020-10-26 15:43:25] main.INFO: Broken reference: the 'yotpo_bottomline' element cannot be added as child to 'product.info.main', because the latter doesn't exist [] []
[2020-10-26 15:43:25] main.INFO: Broken reference: the 'yotpo_bottomline' tries to reorder itself towards 'product.info.addto', but their parents are different: 'product.info.main' and '' respectively. [] []
[2020-10-26 15:43:25] main.ERROR: Missing required argument $adapters of Magento\Search\Model\AdapterFactory. [] []
[2020-10-26 15:45:53] main.INFO: Broken reference: the 'catalog.compare.sidebar' element cannot be added as child to 'sidebar.additional', because the latter doesn't exist [] []
[2020-10-26 15:45:53] main.INFO: Broken reference: the 'sale.reorder.sidebar' element cannot be added as child to 'sidebar.additional', because the latter doesn't exist [] []
[2020-10-26 15:45:53] main.INFO: Broken reference: the 'wishlist_sidebar' element cannot be added as child to 'sidebar.additional', because the latter doesn't exist [] []
[2020-10-26 15:45:53] main.INFO: Broken reference: the 'yotpo_bottomline' element cannot be added as child to 'product.info.main', because the latter doesn't exist [] []
[2020-10-26 15:45:53] main.INFO: Broken reference: the 'yotpo_bottomline' tries to reorder itself towards 'product.info.addto', but their parents are different: 'product.info.main' and '' respectively. [] []
[2020-10-26 15:47:21] main.INFO: Broken reference: the 'catalog.compare.sidebar' element cannot be added as child to 'sidebar.additional', because the latter doesn't exist [] []
[2020-10-26 15:47:21] main.INFO: Broken reference: the 'sale.reorder.sidebar' element cannot be added as child to 'sidebar.additional', because the latter doesn't exist [] []
[2020-10-26 15:47:21] main.INFO: Broken reference: the 'wishlist_sidebar' element cannot be added as child to 'sidebar.additional', because the latter doesn't exist [] []
[2020-10-26 15:47:21] main.INFO: Broken reference: the 'marketplace-top-link' element cannot be added as child to 'header.links', because the latter doesn't exist [] []
[2020-10-26 15:47:21] main.INFO: Broken reference: the 'marketplace-account-switch-link' element cannot be added as child to 'header.links', because the latter doesn't exist [] []
[2020-10-26 15:47:21] main.INFO: Broken reference: the 'yotpo_bottomline' element cannot be added as child to 'product.info.main', because the latter doesn't exist [] []
[2020-10-26 15:47:21] main.INFO: Broken reference: the 'paypal.partner.right.logo' element cannot be added as child to 'sidebar.additional', because the latter doesn't exist [] []
[2020-10-26 15:47:21] main.INFO: Broken reference: the 'bml.right.logo' element cannot be added as child to 'sidebar.additional', because the latter doesn't exist [] []
[2020-10-26 15:47:21] main.INFO: Broken reference: the 'yotpo_bottomline' tries to reorder itself towards 'product.info.addto', but their parents are different: 'product.info.main' and '' respectively. [] []
[2020-10-26 15:49:27] main.INFO: Broken reference: the 'yotpo_bottomline' element cannot be added as child to 'product.info.main', because the latter doesn't exist [] []
[2020-10-26 15:49:27] main.INFO: Broken reference: the 'yotpo_bottomline' tries to reorder itself towards 'product.info.addto', but their parents are different: 'product.info.main' and '' respectively. [] []
[2020-10-26 15:55:06] main.INFO: Broken reference: the 'catalog.compare.sidebar' element cannot be added as child to 'sidebar.additional', because the latter doesn't exist [] []
[2020-10-26 15:55:06] main.INFO: Broken reference: the 'sale.reorder.sidebar' element cannot be added as child to 'sidebar.additional', because the latter doesn't exist [] []
[2020-10-26 15:55:06] main.INFO: Broken reference: the 'wishlist_sidebar' element cannot be added as child to 'sidebar.additional', because the latter doesn't exist [] []
[2020-10-26 15:55:06] main.INFO: Broken reference: the 'yotpo_bottomline' element cannot be added as child to 'product.info.main', because the latter doesn't exist [] []
[2020-10-26 15:55:06] main.INFO: Broken reference: the 'yotpo_bottomline' tries to reorder itself towards 'product.info.addto', but their parents are different: 'product.info.main' and '' respectively. [] []
[2020-10-26 15:55:06] main.ERROR: Missing required argument $adapters of Magento\Search\Model\AdapterFactory. [] []
[2020-10-26 15:56:39] main.INFO: Broken reference: the 'yotpo_bottomline' element cannot be added as child to 'product.info.main', because the latter doesn't exist [] []
[2020-10-26 15:56:39] main.INFO: Broken reference: the 'yotpo_bottomline' tries to reorder itself towards 'product.info.addto', but their parents are different: 'product.info.main' and '' respectively. [] []
[2020-10-26 16:49:10] main.CRITICAL: The specified "/var/www/magento2s/generated/code/Magento/Framework/App/Http/Interceptor.php.427720" file couldn't be written. Warning!file_put_contents(/var/www/magento2s/generated/code/Magento/Framework/App/Http/Interceptor.php.427720): failed to open stream: Permission denied
Class Magento\Framework\App\Http\Interceptor generation error: The requested class did not generate properly, because the 'generated' directory permission is read-only. If --- after running the 'bin/magento setup:di:compile' CLI command when the 'generated' directory permission is set to write --- the requested class did not generate properly, then you must add the generated class object to the signature of the related construct method, only. [] []
[2020-10-26 16:49:10] main.CRITICAL: The specified "/var/www/magento2s/generated/code/Magento/Framework/App/Http/Interceptor.php.427886" file couldn't be written. Warning!file_put_contents(/var/www/magento2s/generated/code/Magento/Framework/App/Http/Interceptor.php.427886): failed to open stream: Permission denied
Class Magento\Framework\App\Http\Interceptor generation error: The requested class did not generate properly, because the 'generated' directory permission is read-only. If --- after running the 'bin/magento setup:di:compile' CLI command when the 'generated' directory permission is set to write --- the requested class did not generate properly, then you must add the generated class object to the signature of the related construct method, only. [] []
[2020-10-26 16:49:12] main.CRITICAL: The specified "/var/www/magento2s/generated/code/Magento/Framework/App/Http/Interceptor.php.427917" file couldn't be written. Warning!file_put_contents(/var/www/magento2s/generated/code/Magento/Framework/App/Http/Interceptor.php.427917): failed to open stream: Permission denied
Class Magento\Framework\App\Http\Interceptor generation error: The requested class did not generate properly, because the 'generated' directory permission is read-only. If --- after running the 'bin/magento setup:di:compile' CLI command when the 'generated' directory permission is set to write --- the requested class did not generate properly, then you must add the generated class object to the signature of the related construct method, only. [] []
